<?xml version="1.0" encoding="UTF-8"?>
<coverage generated="1727087229546" clover="3.2.0">
  <project timestamp="1727087229546" name="All files">
    <metrics statements="50" coveredstatements="48" conditionals="14" coveredconditionals="8" methods="11" coveredmethods="11" elements="75" coveredelements="67" complexity="0" loc="50" ncloc="50" packages="1" files="2" classes="2"/>
    <file name="LogIn.js" path="/home/alaa/Schreibtisch/update_project/Tp-web-app/pedelec-web-app/client/src/components/LogIn.js">
      <metrics statements="29" coveredstatements="29" conditionals="8" coveredconditionals="6" methods="5" coveredmethods="5"/>
      <line num="6" count="1" type="stmt"/>
      <line num="7" count="20" type="stmt"/>
      <line num="8" count="20" type="stmt"/>
      <line num="9" count="20" type="stmt"/>
      <line num="10" count="20" type="stmt"/>
      <line num="11" count="20" type="stmt"/>
      <line num="13" count="20" type="stmt"/>
      <line num="14" count="4" type="stmt"/>
      <line num="15" count="4" type="stmt"/>
      <line num="16" count="4" type="stmt"/>
      <line num="17" count="2" type="cond" truecount="1" falsecount="1"/>
      <line num="18" count="2" type="stmt"/>
      <line num="19" count="2" type="stmt"/>
      <line num="20" count="2" type="stmt"/>
      <line num="21" count="2" type="stmt"/>
      <line num="23" count="2" type="stmt"/>
      <line num="24" count="2" type="stmt"/>
      <line num="25" count="2" type="stmt"/>
      <line num="27" count="2" type="cond" truecount="2" falsecount="0"/>
      <line num="28" count="1" type="stmt"/>
      <line num="29" count="1" type="stmt"/>
      <line num="31" count="1" type="stmt"/>
      <line num="32" count="1" type="stmt"/>
      <line num="36" count="2" type="cond" truecount="1" falsecount="1"/>
      <line num="37" count="2" type="stmt"/>
      <line num="42" count="20" type="stmt"/>
      <line num="51" count="5" type="stmt"/>
      <line num="62" count="5" type="stmt"/>
      <line num="72" count="1" type="stmt"/>
    </file>
    <file name="SignUp.js" path="/home/alaa/Schreibtisch/update_project/Tp-web-app/pedelec-web-app/client/src/components/SignUp.js">
      <metrics statements="21" coveredstatements="19" conditionals="6" coveredconditionals="2" methods="6" coveredmethods="6"/>
      <line num="6" count="1" type="stmt"/>
      <line num="7" count="11" type="stmt"/>
      <line num="8" count="11" type="stmt"/>
      <line num="9" count="11" type="stmt"/>
      <line num="10" count="11" type="stmt"/>
      <line num="11" count="11" type="stmt"/>
      <line num="12" count="11" type="stmt"/>
      <line num="14" count="11" type="stmt"/>
      <line num="15" count="1" type="stmt"/>
      <line num="16" count="1" type="stmt"/>
      <line num="17" count="1" type="stmt"/>
      <line num="18" count="1" type="cond" truecount="1" falsecount="1"/>
      <line num="19" count="1" type="stmt"/>
      <line num="20" count="1" type="stmt"/>
      <line num="23" count="0" type="cond" truecount="0" falsecount="2"/>
      <line num="24" count="0" type="stmt"/>
      <line num="29" count="11" type="stmt"/>
      <line num="38" count="2" type="stmt"/>
      <line num="49" count="2" type="stmt"/>
      <line num="60" count="2" type="stmt"/>
      <line num="70" count="1" type="stmt"/>
    </file>
  </project>
</coverage>
