{"/home/alaa/Schreibtisch/update_project/Tp-web-app/pedelec-web-app/client/src/components/LogIn.js": {"path":"/home/alaa/Schreibtisch/update_project/Tp-web-app/pedelec-web-app/client/src/components/LogIn.js","statementMap":{"0":{"start":{"line":6,"column":14},"end":{"line":79,"column":1}},"1":{"start":{"line":7,"column":28},"end":{"line":7,"column":40}},"2":{"start":{"line":8,"column":34},"end":{"line":8,"column":46}},"3":{"start":{"line":9,"column":42},"end":{"line":9,"column":54}},"4":{"start":{"line":10,"column":19},"end":{"line":10,"column":32}},"5":{"start":{"line":11,"column":19},"end":{"line":11,"column":57}},"6":{"start":{"line":13,"column":22},"end":{"line":40,"column":3}},"7":{"start":{"line":14,"column":4},"end":{"line":14,"column":23}},"8":{"start":{"line":15,"column":4},"end":{"line":39,"column":5}},"9":{"start":{"line":16,"column":23},"end":{"line":16,"column":70}},"10":{"start":{"line":17,"column":6},"end":{"line":34,"column":7}},"11":{"start":{"line":18,"column":38},"end":{"line":18,"column":51}},"12":{"start":{"line":19,"column":8},"end":{"line":19,"column":45}},"13":{"start":{"line":20,"column":8},"end":{"line":20,"column":43}},"14":{"start":{"line":21,"column":8},"end":{"line":21,"column":43}},"15":{"start":{"line":23,"column":8},"end":{"line":23,"column":33}},"16":{"start":{"line":24,"column":8},"end":{"line":24,"column":22}},"17":{"start":{"line":25,"column":8},"end":{"line":25,"column":26}},"18":{"start":{"line":27,"column":8},"end":{"line":33,"column":9}},"19":{"start":{"line":28,"column":10},"end":{"line":28,"column":48}},"20":{"start":{"line":29,"column":10},"end":{"line":29,"column":33}},"21":{"start":{"line":31,"column":10},"end":{"line":31,"column":77}},"22":{"start":{"line":32,"column":10},"end":{"line":32,"column":24}},"23":{"start":{"line":36,"column":6},"end":{"line":38,"column":7}},"24":{"start":{"line":37,"column":8},"end":{"line":37,"column":72}},"25":{"start":{"line":42,"column":2},"end":{"line":78,"column":4}},"26":{"start":{"line":51,"column":29},"end":{"line":51,"column":53}},"27":{"start":{"line":62,"column":29},"end":{"line":62,"column":56}},"28":{"start":{"line":72,"column":47},"end":{"line":72,"column":66}}},"fnMap":{"0":{"name":"(anonymous_0)","decl":{"start":{"line":6,"column":14},"end":{"line":6,"column":15}},"loc":{"start":{"line":6,"column":64},"end":{"line":79,"column":1}},"line":6},"1":{"name":"(anonymous_1)","decl":{"start":{"line":13,"column":22},"end":{"line":13,"column":23}},"loc":{"start":{"line":13,"column":35},"end":{"line":40,"column":3}},"line":13},"2":{"name":"(anonymous_2)","decl":{"start":{"line":51,"column":22},"end":{"line":51,"column":23}},"loc":{"start":{"line":51,"column":29},"end":{"line":51,"column":53}},"line":51},"3":{"name":"(anonymous_3)","decl":{"start":{"line":62,"column":22},"end":{"line":62,"column":23}},"loc":{"start":{"line":62,"column":29},"end":{"line":62,"column":56}},"line":62},"4":{"name":"(anonymous_4)","decl":{"start":{"line":72,"column":41},"end":{"line":72,"column":42}},"loc":{"start":{"line":72,"column":47},"end":{"line":72,"column":66}},"line":72}},"branchMap":{"0":{"loc":{"start":{"line":17,"column":6},"end":{"line":34,"column":7}},"type":"if","locations":[{"start":{"line":17,"column":6},"end":{"line":34,"column":7}},{"start":{},"end":{}}],"line":17},"1":{"loc":{"start":{"line":27,"column":8},"end":{"line":33,"column":9}},"type":"if","locations":[{"start":{"line":27,"column":8},"end":{"line":33,"column":9}},{"start":{"line":30,"column":15},"end":{"line":33,"column":9}}],"line":27},"2":{"loc":{"start":{"line":36,"column":6},"end":{"line":38,"column":7}},"type":"if","locations":[{"start":{"line":36,"column":6},"end":{"line":38,"column":7}},{"start":{},"end":{}}],"line":36},"3":{"loc":{"start":{"line":67,"column":9},"end":{"line":67,"column":72}},"type":"binary-expr","locations":[{"start":{"line":67,"column":9},"end":{"line":67,"column":21}},{"start":{"line":67,"column":25},"end":{"line":67,"column":72}}],"line":67}},"s":{"0":1,"1":20,"2":20,"3":20,"4":20,"5":20,"6":20,"7":4,"8":4,"9":4,"10":2,"11":2,"12":2,"13":2,"14":2,"15":2,"16":2,"17":2,"18":2,"19":1,"20":1,"21":1,"22":1,"23":2,"24":2,"25":20,"26":5,"27":5,"28":1},"f":{"0":20,"1":4,"2":5,"3":5,"4":1},"b":{"0":[2,0],"1":[1,1],"2":[2,0],"3":[20,2]},"_coverageSchema":"1a1c01bbd47fc00a2c39e90264f33305004495a9","hash":"987d31e33d470c4c4d2ad2c2b735214373b3cd50"}
,"/home/alaa/Schreibtisch/update_project/Tp-web-app/pedelec-web-app/client/src/components/SignUp.js": {"path":"/home/alaa/Schreibtisch/update_project/Tp-web-app/pedelec-web-app/client/src/components/SignUp.js","statementMap":{"0":{"start":{"line":6,"column":15},"end":{"line":77,"column":1}},"1":{"start":{"line":7,"column":26},"end":{"line":7,"column":38}},"2":{"start":{"line":8,"column":28},"end":{"line":8,"column":40}},"3":{"start":{"line":9,"column":34},"end":{"line":9,"column":46}},"4":{"start":{"line":10,"column":42},"end":{"line":10,"column":54}},"5":{"start":{"line":11,"column":19},"end":{"line":11,"column":32}},"6":{"start":{"line":12,"column":18},"end":{"line":12,"column":59}},"7":{"start":{"line":14,"column":23},"end":{"line":27,"column":3}},"8":{"start":{"line":15,"column":4},"end":{"line":15,"column":23}},"9":{"start":{"line":16,"column":4},"end":{"line":26,"column":5}},"10":{"start":{"line":17,"column":23},"end":{"line":17,"column":80}},"11":{"start":{"line":18,"column":6},"end":{"line":21,"column":7}},"12":{"start":{"line":19,"column":8},"end":{"line":19,"column":56}},"13":{"start":{"line":20,"column":8},"end":{"line":20,"column":27}},"14":{"start":{"line":23,"column":6},"end":{"line":25,"column":7}},"15":{"start":{"line":24,"column":8},"end":{"line":24,"column":53}},"16":{"start":{"line":29,"column":2},"end":{"line":76,"column":4}},"17":{"start":{"line":38,"column":29},"end":{"line":38,"column":52}},"18":{"start":{"line":49,"column":29},"end":{"line":49,"column":53}},"19":{"start":{"line":60,"column":29},"end":{"line":60,"column":56}},"20":{"start":{"line":70,"column":47},"end":{"line":70,"column":65}}},"fnMap":{"0":{"name":"(anonymous_0)","decl":{"start":{"line":6,"column":15},"end":{"line":6,"column":16}},"loc":{"start":{"line":6,"column":21},"end":{"line":77,"column":1}},"line":6},"1":{"name":"(anonymous_1)","decl":{"start":{"line":14,"column":23},"end":{"line":14,"column":24}},"loc":{"start":{"line":14,"column":36},"end":{"line":27,"column":3}},"line":14},"2":{"name":"(anonymous_2)","decl":{"start":{"line":38,"column":22},"end":{"line":38,"column":23}},"loc":{"start":{"line":38,"column":29},"end":{"line":38,"column":52}},"line":38},"3":{"name":"(anonymous_3)","decl":{"start":{"line":49,"column":22},"end":{"line":49,"column":23}},"loc":{"start":{"line":49,"column":29},"end":{"line":49,"column":53}},"line":49},"4":{"name":"(anonymous_4)","decl":{"start":{"line":60,"column":22},"end":{"line":60,"column":23}},"loc":{"start":{"line":60,"column":29},"end":{"line":60,"column":56}},"line":60},"5":{"name":"(anonymous_5)","decl":{"start":{"line":70,"column":41},"end":{"line":70,"column":42}},"loc":{"start":{"line":70,"column":47},"end":{"line":70,"column":65}},"line":70}},"branchMap":{"0":{"loc":{"start":{"line":18,"column":6},"end":{"line":21,"column":7}},"type":"if","locations":[{"start":{"line":18,"column":6},"end":{"line":21,"column":7}},{"start":{},"end":{}}],"line":18},"1":{"loc":{"start":{"line":23,"column":6},"end":{"line":25,"column":7}},"type":"if","locations":[{"start":{"line":23,"column":6},"end":{"line":25,"column":7}},{"start":{},"end":{}}],"line":23},"2":{"loc":{"start":{"line":65,"column":9},"end":{"line":65,"column":72}},"type":"binary-expr","locations":[{"start":{"line":65,"column":9},"end":{"line":65,"column":21}},{"start":{"line":65,"column":25},"end":{"line":65,"column":72}}],"line":65}},"s":{"0":1,"1":11,"2":11,"3":11,"4":11,"5":11,"6":11,"7":11,"8":1,"9":1,"10":1,"11":1,"12":1,"13":1,"14":0,"15":0,"16":11,"17":2,"18":2,"19":2,"20":1},"f":{"0":11,"1":1,"2":2,"3":2,"4":2,"5":1},"b":{"0":[1,0],"1":[0,0],"2":[11,0]},"_coverageSchema":"1a1c01bbd47fc00a2c39e90264f33305004495a9","hash":"e2f517dbcf9ec93eec55979ec38ea276ec9377c2"}
}
