TN:
SF:src/components/LogIn.js
FN:6,(anonymous_0)
FN:13,(anonymous_1)
FN:51,(anonymous_2)
FN:62,(anonymous_3)
FN:72,(anonymous_4)
FNF:5
FNH:5
FNDA:20,(anonymous_0)
FNDA:4,(anonymous_1)
FNDA:5,(anonymous_2)
FNDA:5,(anonymous_3)
FNDA:1,(anonymous_4)
DA:6,1
DA:7,20
DA:8,20
DA:9,20
DA:10,20
DA:11,20
DA:13,20
DA:14,4
DA:15,4
DA:16,4
DA:17,2
DA:18,2
DA:19,2
DA:20,2
DA:21,2
DA:23,2
DA:24,2
DA:25,2
DA:27,2
DA:28,1
DA:29,1
DA:31,1
DA:32,1
DA:36,2
DA:37,2
DA:42,20
DA:51,5
DA:62,5
DA:72,1
LF:29
LH:29
BRDA:17,0,0,2
BRDA:17,0,1,0
BRDA:27,1,0,1
BRDA:27,1,1,1
BRDA:36,2,0,2
BRDA:36,2,1,0
BRDA:67,3,0,20
BRDA:67,3,1,2
BRF:8
BRH:6
end_of_record
TN:
SF:src/components/SignUp.js
FN:6,(anonymous_0)
FN:14,(anonymous_1)
FN:38,(anonymous_2)
FN:49,(anonymous_3)
FN:60,(anonymous_4)
FN:70,(anonymous_5)
FNF:6
FNH:6
FNDA:11,(anonymous_0)
FNDA:1,(anonymous_1)
FNDA:2,(anonymous_2)
FNDA:2,(anonymous_3)
FNDA:2,(anonymous_4)
FNDA:1,(anonymous_5)
DA:6,1
DA:7,11
DA:8,11
DA:9,11
DA:10,11
DA:11,11
DA:12,11
DA:14,11
DA:15,1
DA:16,1
DA:17,1
DA:18,1
DA:19,1
DA:20,1
DA:23,0
DA:24,0
DA:29,11
DA:38,2
DA:49,2
DA:60,2
DA:70,1
LF:21
LH:19
BRDA:18,0,0,1
BRDA:18,0,1,0
BRDA:23,1,0,0
BRDA:23,1,1,0
BRDA:65,2,0,11
BRDA:65,2,1,0
BRF:6
BRH:2
end_of_record
