{"/home/alaa/tp_last_ipdate/pedelec-web-app10_last_update/pedelec-web-app9/pedelec-web-app/server/server.js": {"path":"/home/alaa/tp_last_ipdate/pedelec-web-app10_last_update/pedelec-web-app9/pedelec-web-app/server/server.js","statementMap":{"0":{"start":{"line":2,"column":16},"end":{"line":2,"column":34}},"1":{"start":{"line":3,"column":13},"end":{"line":3,"column":28}},"2":{"start":{"line":4,"column":19},"end":{"line":4,"column":41}},"3":{"start":{"line":5,"column":15},"end":{"line":5,"column":32}},"4":{"start":{"line":6,"column":13},"end":{"line":6,"column":28}},"5":{"start":{"line":10,"column":4},"end":{"line":10,"column":42}},"6":{"start":{"line":11,"column":20},"end":{"line":11,"column":71}},"7":{"start":{"line":13,"column":18},"end":{"line":13,"column":40}},"8":{"start":{"line":14,"column":19},"end":{"line":14,"column":49}},"9":{"start":{"line":15,"column":20},"end":{"line":15,"column":51}},"10":{"start":{"line":16,"column":19},"end":{"line":16,"column":49}},"11":{"start":{"line":17,"column":21},"end":{"line":17,"column":53}},"12":{"start":{"line":18,"column":21},"end":{"line":18,"column":53}},"13":{"start":{"line":19,"column":19},"end":{"line":19,"column":49}},"14":{"start":{"line":20,"column":22},"end":{"line":20,"column":55}},"15":{"start":{"line":22,"column":0},"end":{"line":22,"column":16}},"16":{"start":{"line":24,"column":15},"end":{"line":24,"column":24}},"17":{"start":{"line":25,"column":13},"end":{"line":25,"column":37}},"18":{"start":{"line":28,"column":0},"end":{"line":28,"column":19}},"19":{"start":{"line":29,"column":0},"end":{"line":29,"column":30}},"20":{"start":{"line":30,"column":0},"end":{"line":30,"column":54}},"21":{"start":{"line":31,"column":0},"end":{"line":31,"column":72}},"22":{"start":{"line":34,"column":0},"end":{"line":34,"column":36}},"23":{"start":{"line":35,"column":0},"end":{"line":35,"column":39}},"24":{"start":{"line":36,"column":0},"end":{"line":36,"column":37}},"25":{"start":{"line":37,"column":0},"end":{"line":37,"column":40}},"26":{"start":{"line":38,"column":0},"end":{"line":38,"column":33}},"27":{"start":{"line":39,"column":0},"end":{"line":39,"column":31}},"28":{"start":{"line":40,"column":0},"end":{"line":40,"column":34}},"29":{"start":{"line":43,"column":0},"end":{"line":50,"column":1}},"30":{"start":{"line":44,"column":2},"end":{"line":44,"column":14}},"31":{"start":{"line":45,"column":2},"end":{"line":45,"column":16}},"32":{"start":{"line":47,"column":2},"end":{"line":49,"column":5}},"33":{"start":{"line":48,"column":4},"end":{"line":48,"column":56}},"34":{"start":{"line":52,"column":0},"end":{"line":52,"column":24}}},"fnMap":{"0":{"name":"(anonymous_0)","decl":{"start":{"line":47,"column":22},"end":{"line":47,"column":23}},"loc":{"start":{"line":47,"column":28},"end":{"line":49,"column":3}},"line":47}},"branchMap":{"0":{"loc":{"start":{"line":25,"column":13},"end":{"line":25,"column":37}},"type":"binary-expr","locations":[{"start":{"line":25,"column":13},"end":{"line":25,"column":29}},{"start":{"line":25,"column":33},"end":{"line":25,"column":37}}],"line":25},"1":{"loc":{"start":{"line":43,"column":0},"end":{"line":50,"column":1}},"type":"if","locations":[{"start":{"line":43,"column":0},"end":{"line":50,"column":1}},{"start":{},"end":{}}],"line":43}},"s":{"0":7,"1":7,"2":7,"3":7,"4":7,"5":7,"6":7,"7":7,"8":7,"9":7,"10":7,"11":7,"12":7,"13":7,"14":7,"15":7,"16":7,"17":7,"18":7,"19":7,"20":7,"21":7,"22":7,"23":7,"24":7,"25":7,"26":7,"27":7,"28":7,"29":7,"30":0,"31":0,"32":0,"33":0,"34":7},"f":{"0":0},"b":{"0":[7,0],"1":[0,7]},"_coverageSchema":"1a1c01bbd47fc00a2c39e90264f33305004495a9","hash":"3912c1ec43c21cd9c9e06bdc07dc74520e585f9a"}
,"/home/alaa/tp_last_ipdate/pedelec-web-app10_last_update/pedelec-web-app9/pedelec-web-app/server/config/db.js": {"path":"/home/alaa/tp_last_ipdate/pedelec-web-app10_last_update/pedelec-web-app9/pedelec-web-app/server/config/db.js","statementMap":{"0":{"start":{"line":1,"column":17},"end":{"line":1,"column":36}},"1":{"start":{"line":2,"column":15},"end":{"line":2,"column":32}},"2":{"start":{"line":4,"column":0},"end":{"line":4,"column":16}},"3":{"start":{"line":5,"column":18},"end":{"line":16,"column":1}},"4":{"start":{"line":6,"column":2},"end":{"line":15,"column":3}},"5":{"start":{"line":7,"column":4},"end":{"line":10,"column":6}},"6":{"start":{"line":11,"column":4},"end":{"line":11,"column":47}},"7":{"start":{"line":13,"column":4},"end":{"line":13,"column":69}},"8":{"start":{"line":14,"column":4},"end":{"line":14,"column":20}},"9":{"start":{"line":18,"column":0},"end":{"line":18,"column":27}}},"fnMap":{"0":{"name":"(anonymous_0)","decl":{"start":{"line":5,"column":18},"end":{"line":5,"column":19}},"loc":{"start":{"line":5,"column":30},"end":{"line":16,"column":1}},"line":5}},"branchMap":{"0":{"loc":{"start":{"line":8,"column":6},"end":{"line":8,"column":67}},"type":"binary-expr","locations":[{"start":{"line":8,"column":6},"end":{"line":8,"column":29}},{"start":{"line":8,"column":33},"end":{"line":8,"column":67}}],"line":8}},"s":{"0":8,"1":8,"2":8,"3":8,"4":2,"5":2,"6":1,"7":1,"8":1,"9":8},"f":{"0":2},"b":{"0":[2,0]},"_coverageSchema":"1a1c01bbd47fc00a2c39e90264f33305004495a9","hash":"431be4a0e30f4623097189c204804c38e58ad81e"}
,"/home/alaa/tp_last_ipdate/pedelec-web-app10_last_update/pedelec-web-app9/pedelec-web-app/server/controllers/authController.js": {"path":"/home/alaa/tp_last_ipdate/pedelec-web-app10_last_update/pedelec-web-app9/pedelec-web-app/server/controllers/authController.js","statementMap":{"0":{"start":{"line":3,"column":13},"end":{"line":3,"column":44}},"1":{"start":{"line":4,"column":15},"end":{"line":4,"column":32}},"2":{"start":{"line":5,"column":12},"end":{"line":5,"column":35}},"3":{"start":{"line":7,"column":19},"end":{"line":7,"column":57}},"4":{"start":{"line":8,"column":17},"end":{"line":49,"column":1}},"5":{"start":{"line":10,"column":36},"end":{"line":10,"column":44}},"6":{"start":{"line":13,"column":2},"end":{"line":15,"column":3}},"7":{"start":{"line":14,"column":4},"end":{"line":14,"column":64}},"8":{"start":{"line":18,"column":2},"end":{"line":20,"column":3}},"9":{"start":{"line":19,"column":4},"end":{"line":19,"column":73}},"10":{"start":{"line":23,"column":2},"end":{"line":27,"column":3}},"11":{"start":{"line":24,"column":4},"end":{"line":26,"column":77}},"12":{"start":{"line":30,"column":15},"end":{"line":30,"column":44}},"13":{"start":{"line":31,"column":2},"end":{"line":33,"column":3}},"14":{"start":{"line":32,"column":4},"end":{"line":32,"column":79}},"15":{"start":{"line":36,"column":25},"end":{"line":36,"column":56}},"16":{"start":{"line":37,"column":18},"end":{"line":42,"column":4}},"17":{"start":{"line":43,"column":2},"end":{"line":43,"column":23}},"18":{"start":{"line":45,"column":2},"end":{"line":45,"column":72}},"19":{"start":{"line":51,"column":14},"end":{"line":90,"column":1}},"20":{"start":{"line":53,"column":30},"end":{"line":53,"column":38}},"21":{"start":{"line":56,"column":2},"end":{"line":58,"column":3}},"22":{"start":{"line":57,"column":4},"end":{"line":57,"column":64}},"23":{"start":{"line":61,"column":15},"end":{"line":61,"column":44}},"24":{"start":{"line":62,"column":2},"end":{"line":64,"column":3}},"25":{"start":{"line":63,"column":4},"end":{"line":63,"column":70}},"26":{"start":{"line":67,"column":24},"end":{"line":67,"column":69}},"27":{"start":{"line":68,"column":2},"end":{"line":72,"column":3}},"28":{"start":{"line":69,"column":4},"end":{"line":71,"column":69}},"29":{"start":{"line":75,"column":16},"end":{"line":77,"column":4}},"30":{"start":{"line":80,"column":2},"end":{"line":86,"column":5}},"31":{"start":{"line":93,"column":21},"end":{"line":93,"column":37}},"32":{"start":{"line":94,"column":24},"end":{"line":94,"column":32}},"33":{"start":{"line":95,"column":20},"end":{"line":95,"column":27}},"34":{"start":{"line":97,"column":2},"end":{"line":120,"column":3}},"35":{"start":{"line":99,"column":26},"end":{"line":99,"column":67}},"36":{"start":{"line":101,"column":4},"end":{"line":117,"column":5}},"37":{"start":{"line":102,"column":6},"end":{"line":102,"column":42}},"38":{"start":{"line":105,"column":29},"end":{"line":105,"column":65}},"39":{"start":{"line":108,"column":20},"end":{"line":113,"column":8}},"40":{"start":{"line":116,"column":6},"end":{"line":116,"column":25}},"41":{"start":{"line":119,"column":4},"end":{"line":119,"column":71}},"42":{"start":{"line":123,"column":0},"end":{"line":123,"column":50}}},"fnMap":{"0":{"name":"(anonymous_0)","decl":{"start":{"line":8,"column":17},"end":{"line":8,"column":18}},"loc":{"start":{"line":8,"column":37},"end":{"line":49,"column":1}},"line":8},"1":{"name":"(anonymous_1)","decl":{"start":{"line":51,"column":14},"end":{"line":51,"column":15}},"loc":{"start":{"line":51,"column":34},"end":{"line":90,"column":1}},"line":51},"2":{"name":"createAdmin","decl":{"start":{"line":92,"column":15},"end":{"line":92,"column":26}},"loc":{"start":{"line":92,"column":29},"end":{"line":121,"column":1}},"line":92}},"branchMap":{"0":{"loc":{"start":{"line":7,"column":19},"end":{"line":7,"column":57}},"type":"binary-expr","locations":[{"start":{"line":7,"column":19},"end":{"line":7,"column":41}},{"start":{"line":7,"column":45},"end":{"line":7,"column":57}}],"line":7},"1":{"loc":{"start":{"line":13,"column":2},"end":{"line":15,"column":3}},"type":"if","locations":[{"start":{"line":13,"column":2},"end":{"line":15,"column":3}},{"start":{},"end":{}}],"line":13},"2":{"loc":{"start":{"line":13,"column":6},"end":{"line":13,"column":34}},"type":"binary-expr","locations":[{"start":{"line":13,"column":6},"end":{"line":13,"column":11}},{"start":{"line":13,"column":15},"end":{"line":13,"column":21}},{"start":{"line":13,"column":25},"end":{"line":13,"column":34}}],"line":13},"3":{"loc":{"start":{"line":18,"column":2},"end":{"line":20,"column":3}},"type":"if","locations":[{"start":{"line":18,"column":2},"end":{"line":20,"column":3}},{"start":{},"end":{}}],"line":18},"4":{"loc":{"start":{"line":18,"column":6},"end":{"line":18,"column":50}},"type":"binary-expr","locations":[{"start":{"line":18,"column":6},"end":{"line":18,"column":26}},{"start":{"line":18,"column":30},"end":{"line":18,"column":50}}],"line":18},"5":{"loc":{"start":{"line":23,"column":2},"end":{"line":27,"column":3}},"type":"if","locations":[{"start":{"line":23,"column":2},"end":{"line":27,"column":3}},{"start":{},"end":{}}],"line":23},"6":{"loc":{"start":{"line":31,"column":2},"end":{"line":33,"column":3}},"type":"if","locations":[{"start":{"line":31,"column":2},"end":{"line":33,"column":3}},{"start":{},"end":{}}],"line":31},"7":{"loc":{"start":{"line":56,"column":2},"end":{"line":58,"column":3}},"type":"if","locations":[{"start":{"line":56,"column":2},"end":{"line":58,"column":3}},{"start":{},"end":{}}],"line":56},"8":{"loc":{"start":{"line":56,"column":6},"end":{"line":56,"column":25}},"type":"binary-expr","locations":[{"start":{"line":56,"column":6},"end":{"line":56,"column":12}},{"start":{"line":56,"column":16},"end":{"line":56,"column":25}}],"line":56},"9":{"loc":{"start":{"line":62,"column":2},"end":{"line":64,"column":3}},"type":"if","locations":[{"start":{"line":62,"column":2},"end":{"line":64,"column":3}},{"start":{},"end":{}}],"line":62},"10":{"loc":{"start":{"line":68,"column":2},"end":{"line":72,"column":3}},"type":"if","locations":[{"start":{"line":68,"column":2},"end":{"line":72,"column":3}},{"start":{},"end":{}}],"line":68},"11":{"loc":{"start":{"line":101,"column":4},"end":{"line":117,"column":5}},"type":"if","locations":[{"start":{"line":101,"column":4},"end":{"line":117,"column":5}},{"start":{},"end":{}}],"line":101}},"s":{"0":7,"1":7,"2":7,"3":7,"4":7,"5":7,"6":7,"7":3,"8":4,"9":1,"10":3,"11":1,"12":2,"13":2,"14":1,"15":1,"16":1,"17":1,"18":1,"19":7,"20":4,"21":4,"22":1,"23":3,"24":3,"25":1,"26":2,"27":2,"28":1,"29":1,"30":1,"31":0,"32":0,"33":0,"34":0,"35":0,"36":0,"37":0,"38":0,"39":0,"40":0,"41":0,"42":7},"f":{"0":7,"1":4,"2":0},"b":{"0":[7,7],"1":[3,4],"2":[7,6,5],"3":[1,3],"4":[4,3],"5":[1,2],"6":[1,1],"7":[1,3],"8":[4,4],"9":[1,2],"10":[1,1],"11":[0,0]},"_coverageSchema":"1a1c01bbd47fc00a2c39e90264f33305004495a9","hash":"1a1bae263946abb5b3abeb0a33d5446293a6f0bc"}
,"/home/alaa/tp_last_ipdate/pedelec-web-app10_last_update/pedelec-web-app9/pedelec-web-app/server/controllers/cartController.js": {"path":"/home/alaa/tp_last_ipdate/pedelec-web-app10_last_update/pedelec-web-app9/pedelec-web-app/server/controllers/cartController.js","statementMap":{"0":{"start":{"line":1,"column":13},"end":{"line":1,"column":44}},"1":{"start":{"line":3,"column":16},"end":{"line":13,"column":1}},"2":{"start":{"line":4,"column":2},"end":{"line":12,"column":3}},"3":{"start":{"line":5,"column":17},"end":{"line":5,"column":86}},"4":{"start":{"line":6,"column":4},"end":{"line":8,"column":5}},"5":{"start":{"line":7,"column":6},"end":{"line":7,"column":75}},"6":{"start":{"line":9,"column":4},"end":{"line":9,"column":31}},"7":{"start":{"line":11,"column":4},"end":{"line":11,"column":74}},"8":{"start":{"line":15,"column":18},"end":{"line":46,"column":1}},"9":{"start":{"line":16,"column":34},"end":{"line":16,"column":42}},"10":{"start":{"line":18,"column":2},"end":{"line":45,"column":3}},"11":{"start":{"line":19,"column":4},"end":{"line":21,"column":5}},"12":{"start":{"line":20,"column":6},"end":{"line":20,"column":81}},"13":{"start":{"line":23,"column":15},"end":{"line":23,"column":60}},"14":{"start":{"line":24,"column":4},"end":{"line":26,"column":5}},"15":{"start":{"line":25,"column":6},"end":{"line":25,"column":60}},"16":{"start":{"line":28,"column":22},"end":{"line":28,"column":98}},"17":{"start":{"line":28,"column":51},"end":{"line":28,"column":97}},"18":{"start":{"line":30,"column":4},"end":{"line":30,"column":53}},"19":{"start":{"line":31,"column":4},"end":{"line":31,"column":61}},"20":{"start":{"line":33,"column":4},"end":{"line":41,"column":5}},"21":{"start":{"line":34,"column":6},"end":{"line":34,"column":45}},"22":{"start":{"line":35,"column":6},"end":{"line":35,"column":101}},"23":{"start":{"line":37,"column":6},"end":{"line":37,"column":54}},"24":{"start":{"line":38,"column":6},"end":{"line":38,"column":24}},"25":{"start":{"line":39,"column":6},"end":{"line":39,"column":68}},"26":{"start":{"line":40,"column":6},"end":{"line":40,"column":96}},"27":{"start":{"line":43,"column":4},"end":{"line":43,"column":66}},"28":{"start":{"line":44,"column":4},"end":{"line":44,"column":76}},"29":{"start":{"line":47,"column":23},"end":{"line":61,"column":1}},"30":{"start":{"line":48,"column":24},"end":{"line":48,"column":34}},"31":{"start":{"line":49,"column":2},"end":{"line":60,"column":3}},"32":{"start":{"line":50,"column":17},"end":{"line":50,"column":62}},"33":{"start":{"line":51,"column":4},"end":{"line":53,"column":5}},"34":{"start":{"line":52,"column":6},"end":{"line":52,"column":75}},"35":{"start":{"line":55,"column":4},"end":{"line":55,"column":80}},"36":{"start":{"line":55,"column":43},"end":{"line":55,"column":78}},"37":{"start":{"line":56,"column":4},"end":{"line":56,"column":22}},"38":{"start":{"line":57,"column":4},"end":{"line":57,"column":31}},"39":{"start":{"line":59,"column":4},"end":{"line":59,"column":79}},"40":{"start":{"line":63,"column":31},"end":{"line":89,"column":3}},"41":{"start":{"line":64,"column":34},"end":{"line":64,"column":42}},"42":{"start":{"line":65,"column":4},"end":{"line":88,"column":5}},"43":{"start":{"line":66,"column":19},"end":{"line":66,"column":64}},"44":{"start":{"line":67,"column":6},"end":{"line":69,"column":7}},"45":{"start":{"line":68,"column":8},"end":{"line":68,"column":77}},"46":{"start":{"line":71,"column":24},"end":{"line":71,"column":89}},"47":{"start":{"line":71,"column":53},"end":{"line":71,"column":88}},"48":{"start":{"line":72,"column":6},"end":{"line":85,"column":7}},"49":{"start":{"line":73,"column":8},"end":{"line":80,"column":9}},"50":{"start":{"line":74,"column":10},"end":{"line":74,"column":46}},"51":{"start":{"line":75,"column":15},"end":{"line":80,"column":9}},"52":{"start":{"line":76,"column":10},"end":{"line":76,"column":46}},"53":{"start":{"line":77,"column":10},"end":{"line":79,"column":11}},"54":{"start":{"line":78,"column":12},"end":{"line":78,"column":44}},"55":{"start":{"line":81,"column":8},"end":{"line":81,"column":26}},"56":{"start":{"line":82,"column":8},"end":{"line":82,"column":35}},"57":{"start":{"line":84,"column":8},"end":{"line":84,"column":88}},"58":{"start":{"line":87,"column":6},"end":{"line":87,"column":82}},"59":{"start":{"line":91,"column":20},"end":{"line":104,"column":3}},"60":{"start":{"line":92,"column":4},"end":{"line":103,"column":5}},"61":{"start":{"line":93,"column":19},"end":{"line":93,"column":64}},"62":{"start":{"line":94,"column":6},"end":{"line":96,"column":7}},"63":{"start":{"line":95,"column":8},"end":{"line":95,"column":77}},"64":{"start":{"line":98,"column":6},"end":{"line":98,"column":22}},"65":{"start":{"line":99,"column":6},"end":{"line":99,"column":24}},"66":{"start":{"line":100,"column":6},"end":{"line":100,"column":62}},"67":{"start":{"line":102,"column":6},"end":{"line":102,"column":75}},"68":{"start":{"line":106,"column":2},"end":{"line":106,"column":92}}},"fnMap":{"0":{"name":"(anonymous_0)","decl":{"start":{"line":3,"column":16},"end":{"line":3,"column":17}},"loc":{"start":{"line":3,"column":36},"end":{"line":13,"column":1}},"line":3},"1":{"name":"(anonymous_1)","decl":{"start":{"line":15,"column":18},"end":{"line":15,"column":19}},"loc":{"start":{"line":15,"column":38},"end":{"line":46,"column":1}},"line":15},"2":{"name":"(anonymous_2)","decl":{"start":{"line":28,"column":43},"end":{"line":28,"column":44}},"loc":{"start":{"line":28,"column":51},"end":{"line":28,"column":97}},"line":28},"3":{"name":"(anonymous_3)","decl":{"start":{"line":47,"column":23},"end":{"line":47,"column":24}},"loc":{"start":{"line":47,"column":43},"end":{"line":61,"column":1}},"line":47},"4":{"name":"(anonymous_4)","decl":{"start":{"line":55,"column":35},"end":{"line":55,"column":36}},"loc":{"start":{"line":55,"column":43},"end":{"line":55,"column":78}},"line":55},"5":{"name":"(anonymous_5)","decl":{"start":{"line":63,"column":31},"end":{"line":63,"column":32}},"loc":{"start":{"line":63,"column":51},"end":{"line":89,"column":3}},"line":63},"6":{"name":"(anonymous_6)","decl":{"start":{"line":71,"column":45},"end":{"line":71,"column":46}},"loc":{"start":{"line":71,"column":53},"end":{"line":71,"column":88}},"line":71},"7":{"name":"(anonymous_7)","decl":{"start":{"line":91,"column":20},"end":{"line":91,"column":21}},"loc":{"start":{"line":91,"column":40},"end":{"line":104,"column":3}},"line":91}},"branchMap":{"0":{"loc":{"start":{"line":6,"column":4},"end":{"line":8,"column":5}},"type":"if","locations":[{"start":{"line":6,"column":4},"end":{"line":8,"column":5}},{"start":{},"end":{}}],"line":6},"1":{"loc":{"start":{"line":19,"column":4},"end":{"line":21,"column":5}},"type":"if","locations":[{"start":{"line":19,"column":4},"end":{"line":21,"column":5}},{"start":{},"end":{}}],"line":19},"2":{"loc":{"start":{"line":19,"column":8},"end":{"line":19,"column":67}},"type":"binary-expr","locations":[{"start":{"line":19,"column":8},"end":{"line":19,"column":18}},{"start":{"line":19,"column":22},"end":{"line":19,"column":50}},{"start":{"line":19,"column":54},"end":{"line":19,"column":67}}],"line":19},"3":{"loc":{"start":{"line":24,"column":4},"end":{"line":26,"column":5}},"type":"if","locations":[{"start":{"line":24,"column":4},"end":{"line":26,"column":5}},{"start":{},"end":{}}],"line":24},"4":{"loc":{"start":{"line":33,"column":4},"end":{"line":41,"column":5}},"type":"if","locations":[{"start":{"line":33,"column":4},"end":{"line":41,"column":5}},{"start":{"line":36,"column":11},"end":{"line":41,"column":5}}],"line":33},"5":{"loc":{"start":{"line":51,"column":4},"end":{"line":53,"column":5}},"type":"if","locations":[{"start":{"line":51,"column":4},"end":{"line":53,"column":5}},{"start":{},"end":{}}],"line":51},"6":{"loc":{"start":{"line":67,"column":6},"end":{"line":69,"column":7}},"type":"if","locations":[{"start":{"line":67,"column":6},"end":{"line":69,"column":7}},{"start":{},"end":{}}],"line":67},"7":{"loc":{"start":{"line":72,"column":6},"end":{"line":85,"column":7}},"type":"if","locations":[{"start":{"line":72,"column":6},"end":{"line":85,"column":7}},{"start":{"line":83,"column":13},"end":{"line":85,"column":7}}],"line":72},"8":{"loc":{"start":{"line":73,"column":8},"end":{"line":80,"column":9}},"type":"if","locations":[{"start":{"line":73,"column":8},"end":{"line":80,"column":9}},{"start":{"line":75,"column":15},"end":{"line":80,"column":9}}],"line":73},"9":{"loc":{"start":{"line":75,"column":15},"end":{"line":80,"column":9}},"type":"if","locations":[{"start":{"line":75,"column":15},"end":{"line":80,"column":9}},{"start":{},"end":{}}],"line":75},"10":{"loc":{"start":{"line":77,"column":10},"end":{"line":79,"column":11}},"type":"if","locations":[{"start":{"line":77,"column":10},"end":{"line":79,"column":11}},{"start":{},"end":{}}],"line":77},"11":{"loc":{"start":{"line":94,"column":6},"end":{"line":96,"column":7}},"type":"if","locations":[{"start":{"line":94,"column":6},"end":{"line":96,"column":7}},{"start":{},"end":{}}],"line":94}},"s":{"0":7,"1":7,"2":1,"3":1,"4":1,"5":0,"6":1,"7":0,"8":7,"9":7,"10":7,"11":7,"12":0,"13":7,"14":7,"15":6,"16":7,"17":1,"18":7,"19":7,"20":7,"21":1,"22":1,"23":6,"24":6,"25":6,"26":6,"27":0,"28":0,"29":7,"30":1,"31":1,"32":1,"33":1,"34":0,"35":1,"36":1,"37":1,"38":1,"39":0,"40":7,"41":2,"42":2,"43":2,"44":2,"45":0,"46":2,"47":2,"48":2,"49":2,"50":1,"51":1,"52":1,"53":1,"54":1,"55":2,"56":2,"57":0,"58":0,"59":7,"60":0,"61":0,"62":0,"63":0,"64":0,"65":0,"66":0,"67":0,"68":7},"f":{"0":1,"1":7,"2":1,"3":1,"4":1,"5":2,"6":2,"7":0},"b":{"0":[0,1],"1":[0,7],"2":[7,7,7],"3":[6,1],"4":[1,6],"5":[0,1],"6":[0,2],"7":[2,0],"8":[1,1],"9":[1,0],"10":[1,0],"11":[0,0]},"_coverageSchema":"1a1c01bbd47fc00a2c39e90264f33305004495a9","hash":"bcff91c66091289efdd9cbceee3e13bec00e3180"}
,"/home/alaa/tp_last_ipdate/pedelec-web-app10_last_update/pedelec-web-app9/pedelec-web-app/server/controllers/eBikeController.js": {"path":"/home/alaa/tp_last_ipdate/pedelec-web-app10_last_update/pedelec-web-app9/pedelec-web-app/server/controllers/eBikeController.js","statementMap":{"0":{"start":{"line":2,"column":14},"end":{"line":2,"column":46}},"1":{"start":{"line":5,"column":26},"end":{"line":13,"column":1}},"2":{"start":{"line":6,"column":2},"end":{"line":6,"column":33}},"3":{"start":{"line":6,"column":13},"end":{"line":6,"column":33}},"4":{"start":{"line":7,"column":2},"end":{"line":7,"column":35}},"5":{"start":{"line":7,"column":14},"end":{"line":7,"column":35}},"6":{"start":{"line":8,"column":2},"end":{"line":8,"column":35}},"7":{"start":{"line":8,"column":14},"end":{"line":8,"column":35}},"8":{"start":{"line":9,"column":2},"end":{"line":9,"column":70}},"9":{"start":{"line":9,"column":44},"end":{"line":9,"column":70}},"10":{"start":{"line":10,"column":2},"end":{"line":10,"column":71}},"11":{"start":{"line":10,"column":41},"end":{"line":10,"column":71}},"12":{"start":{"line":12,"column":2},"end":{"line":12,"column":14}},"13":{"start":{"line":16,"column":21},"end":{"line":25,"column":1}},"14":{"start":{"line":19,"column":17},"end":{"line":19,"column":35}},"15":{"start":{"line":20,"column":2},"end":{"line":20,"column":31}},"16":{"start":{"line":28,"column":17},"end":{"line":55,"column":1}},"17":{"start":{"line":29,"column":2},"end":{"line":54,"column":3}},"18":{"start":{"line":30,"column":48},"end":{"line":30,"column":56}},"19":{"start":{"line":39,"column":22},"end":{"line":39,"column":57}},"20":{"start":{"line":40,"column":4},"end":{"line":42,"column":5}},"21":{"start":{"line":41,"column":6},"end":{"line":41,"column":59}},"22":{"start":{"line":45,"column":21},"end":{"line":45,"column":41}},"23":{"start":{"line":46,"column":4},"end":{"line":46,"column":26}},"24":{"start":{"line":50,"column":4},"end":{"line":50,"column":72}},"25":{"start":{"line":53,"column":4},"end":{"line":53,"column":74}},"26":{"start":{"line":58,"column":20},"end":{"line":71,"column":1}},"27":{"start":{"line":59,"column":2},"end":{"line":70,"column":3}},"28":{"start":{"line":61,"column":18},"end":{"line":61,"column":62}},"29":{"start":{"line":63,"column":4},"end":{"line":65,"column":5}},"30":{"start":{"line":64,"column":6},"end":{"line":64,"column":72}},"31":{"start":{"line":67,"column":4},"end":{"line":67,"column":69}},"32":{"start":{"line":69,"column":4},"end":{"line":69,"column":71}},"33":{"start":{"line":73,"column":0},"end":{"line":73,"column":76}}},"fnMap":{"0":{"name":"(anonymous_0)","decl":{"start":{"line":5,"column":26},"end":{"line":5,"column":27}},"loc":{"start":{"line":5,"column":63},"end":{"line":13,"column":1}},"line":5},"1":{"name":"(anonymous_1)","decl":{"start":{"line":16,"column":21},"end":{"line":16,"column":22}},"loc":{"start":{"line":16,"column":41},"end":{"line":25,"column":1}},"line":16},"2":{"name":"(anonymous_2)","decl":{"start":{"line":28,"column":17},"end":{"line":28,"column":18}},"loc":{"start":{"line":28,"column":37},"end":{"line":55,"column":1}},"line":28},"3":{"name":"(anonymous_3)","decl":{"start":{"line":58,"column":20},"end":{"line":58,"column":21}},"loc":{"start":{"line":58,"column":40},"end":{"line":71,"column":1}},"line":58}},"branchMap":{"0":{"loc":{"start":{"line":6,"column":2},"end":{"line":6,"column":33}},"type":"if","locations":[{"start":{"line":6,"column":2},"end":{"line":6,"column":33}},{"start":{},"end":{}}],"line":6},"1":{"loc":{"start":{"line":7,"column":2},"end":{"line":7,"column":35}},"type":"if","locations":[{"start":{"line":7,"column":2},"end":{"line":7,"column":35}},{"start":{},"end":{}}],"line":7},"2":{"loc":{"start":{"line":8,"column":2},"end":{"line":8,"column":35}},"type":"if","locations":[{"start":{"line":8,"column":2},"end":{"line":8,"column":35}},{"start":{},"end":{}}],"line":8},"3":{"loc":{"start":{"line":9,"column":2},"end":{"line":9,"column":70}},"type":"if","locations":[{"start":{"line":9,"column":2},"end":{"line":9,"column":70}},{"start":{},"end":{}}],"line":9},"4":{"loc":{"start":{"line":9,"column":6},"end":{"line":9,"column":42}},"type":"binary-expr","locations":[{"start":{"line":9,"column":6},"end":{"line":9,"column":12}},{"start":{"line":9,"column":16},"end":{"line":9,"column":28}},{"start":{"line":9,"column":32},"end":{"line":9,"column":42}}],"line":9},"5":{"loc":{"start":{"line":10,"column":2},"end":{"line":10,"column":71}},"type":"if","locations":[{"start":{"line":10,"column":2},"end":{"line":10,"column":71}},{"start":{},"end":{}}],"line":10},"6":{"loc":{"start":{"line":10,"column":6},"end":{"line":10,"column":39}},"type":"binary-expr","locations":[{"start":{"line":10,"column":6},"end":{"line":10,"column":11}},{"start":{"line":10,"column":15},"end":{"line":10,"column":26}},{"start":{"line":10,"column":30},"end":{"line":10,"column":39}}],"line":10},"7":{"loc":{"start":{"line":40,"column":4},"end":{"line":42,"column":5}},"type":"if","locations":[{"start":{"line":40,"column":4},"end":{"line":42,"column":5}},{"start":{},"end":{}}],"line":40},"8":{"loc":{"start":{"line":63,"column":4},"end":{"line":65,"column":5}},"type":"if","locations":[{"start":{"line":63,"column":4},"end":{"line":65,"column":5}},{"start":{},"end":{}}],"line":63}},"s":{"0":7,"1":7,"2":6,"3":1,"4":5,"5":1,"6":4,"7":1,"8":3,"9":1,"10":2,"11":1,"12":1,"13":7,"14":1,"15":1,"16":7,"17":1,"18":1,"19":1,"20":1,"21":0,"22":1,"23":1,"24":1,"25":0,"26":7,"27":3,"28":3,"29":2,"30":1,"31":1,"32":1,"33":7},"f":{"0":6,"1":1,"2":1,"3":3},"b":{"0":[1,5],"1":[1,4],"2":[1,3],"3":[1,2],"4":[3,3,3],"5":[1,1],"6":[2,2,2],"7":[0,1],"8":[1,1]},"_coverageSchema":"1a1c01bbd47fc00a2c39e90264f33305004495a9","hash":"ae0a075bbeb82ddf65f0b0832cc5e23d1127cb3f"}
,"/home/alaa/tp_last_ipdate/pedelec-web-app10_last_update/pedelec-web-app9/pedelec-web-app/server/controllers/paymentController.js": {"path":"/home/alaa/tp_last_ipdate/pedelec-web-app10_last_update/pedelec-web-app9/pedelec-web-app/server/controllers/paymentController.js","statementMap":{"0":{"start":{"line":1,"column":14},"end":{"line":1,"column":30}},"1":{"start":{"line":12,"column":2},"end":{"line":14,"column":3}},"2":{"start":{"line":13,"column":4},"end":{"line":13,"column":53}},"3":{"start":{"line":16,"column":2},"end":{"line":18,"column":3}},"4":{"start":{"line":17,"column":4},"end":{"line":17,"column":73}},"5":{"start":{"line":20,"column":2},"end":{"line":22,"column":3}},"6":{"start":{"line":21,"column":4},"end":{"line":21,"column":66}},"7":{"start":{"line":24,"column":2},"end":{"line":26,"column":3}},"8":{"start":{"line":25,"column":4},"end":{"line":25,"column":69}},"9":{"start":{"line":28,"column":2},"end":{"line":30,"column":3}},"10":{"start":{"line":29,"column":4},"end":{"line":29,"column":68}},"11":{"start":{"line":32,"column":2},"end":{"line":38,"column":3}},"12":{"start":{"line":34,"column":6},"end":{"line":34,"column":21}},"13":{"start":{"line":35,"column":4},"end":{"line":37,"column":5}},"14":{"start":{"line":36,"column":6},"end":{"line":36,"column":79}},"15":{"start":{"line":43,"column":25},"end":{"line":43,"column":33}},"16":{"start":{"line":45,"column":2},"end":{"line":93,"column":3}},"17":{"start":{"line":47,"column":4},"end":{"line":47,"column":42}},"18":{"start":{"line":50,"column":25},"end":{"line":61,"column":5}},"19":{"start":{"line":63,"column":24},"end":{"line":63,"column":54}},"20":{"start":{"line":66,"column":26},"end":{"line":85,"column":5}},"21":{"start":{"line":87,"column":20},"end":{"line":87,"column":41}},"22":{"start":{"line":88,"column":4},"end":{"line":88,"column":26}},"23":{"start":{"line":90,"column":4},"end":{"line":92,"column":72}},"24":{"start":{"line":105,"column":6},"end":{"line":105,"column":14}},"25":{"start":{"line":107,"column":2},"end":{"line":126,"column":3}},"26":{"start":{"line":109,"column":4},"end":{"line":116,"column":7}},"27":{"start":{"line":118,"column":4},"end":{"line":121,"column":7}},"28":{"start":{"line":123,"column":4},"end":{"line":125,"column":74}},"29":{"start":{"line":129,"column":0},"end":{"line":129,"column":58}}},"fnMap":{"0":{"name":"validatePaymentFields","decl":{"start":{"line":4,"column":9},"end":{"line":4,"column":30}},"loc":{"start":{"line":11,"column":3},"end":{"line":39,"column":1}},"line":11},"1":{"name":"createPayPalOrder","decl":{"start":{"line":42,"column":15},"end":{"line":42,"column":32}},"loc":{"start":{"line":42,"column":43},"end":{"line":94,"column":1}},"line":42},"2":{"name":"payWithCreditCard","decl":{"start":{"line":97,"column":15},"end":{"line":97,"column":32}},"loc":{"start":{"line":97,"column":43},"end":{"line":127,"column":1}},"line":97}},"branchMap":{"0":{"loc":{"start":{"line":12,"column":2},"end":{"line":14,"column":3}},"type":"if","locations":[{"start":{"line":12,"column":2},"end":{"line":14,"column":3}},{"start":{},"end":{}}],"line":12},"1":{"loc":{"start":{"line":12,"column":6},"end":{"line":12,"column":57}},"type":"binary-expr","locations":[{"start":{"line":12,"column":6},"end":{"line":12,"column":17}},{"start":{"line":12,"column":21},"end":{"line":12,"column":38}},{"start":{"line":12,"column":42},"end":{"line":12,"column":57}}],"line":12},"2":{"loc":{"start":{"line":16,"column":2},"end":{"line":18,"column":3}},"type":"if","locations":[{"start":{"line":16,"column":2},"end":{"line":18,"column":3}},{"start":{},"end":{}}],"line":16},"3":{"loc":{"start":{"line":16,"column":6},"end":{"line":16,"column":44}},"type":"binary-expr","locations":[{"start":{"line":16,"column":6},"end":{"line":16,"column":16}},{"start":{"line":16,"column":20},"end":{"line":16,"column":44}}],"line":16},"4":{"loc":{"start":{"line":20,"column":2},"end":{"line":22,"column":3}},"type":"if","locations":[{"start":{"line":20,"column":2},"end":{"line":22,"column":3}},{"start":{},"end":{}}],"line":20},"5":{"loc":{"start":{"line":20,"column":6},"end":{"line":20,"column":51}},"type":"binary-expr","locations":[{"start":{"line":20,"column":6},"end":{"line":20,"column":20}},{"start":{"line":20,"column":24},"end":{"line":20,"column":51}}],"line":20},"6":{"loc":{"start":{"line":24,"column":2},"end":{"line":26,"column":3}},"type":"if","locations":[{"start":{"line":24,"column":2},"end":{"line":26,"column":3}},{"start":{},"end":{}}],"line":24},"7":{"loc":{"start":{"line":24,"column":6},"end":{"line":24,"column":49}},"type":"binary-expr","locations":[{"start":{"line":24,"column":6},"end":{"line":24,"column":9}},{"start":{"line":24,"column":13},"end":{"line":24,"column":29}},{"start":{"line":24,"column":33},"end":{"line":24,"column":49}}],"line":24},"8":{"loc":{"start":{"line":28,"column":2},"end":{"line":30,"column":3}},"type":"if","locations":[{"start":{"line":28,"column":2},"end":{"line":30,"column":3}},{"start":{},"end":{}}],"line":28},"9":{"loc":{"start":{"line":28,"column":6},"end":{"line":28,"column":45}},"type":"binary-expr","locations":[{"start":{"line":28,"column":6},"end":{"line":28,"column":17}},{"start":{"line":28,"column":21},"end":{"line":28,"column":45}}],"line":28},"10":{"loc":{"start":{"line":32,"column":2},"end":{"line":38,"column":3}},"type":"if","locations":[{"start":{"line":32,"column":2},"end":{"line":38,"column":3}},{"start":{},"end":{}}],"line":32},"11":{"loc":{"start":{"line":35,"column":4},"end":{"line":37,"column":5}},"type":"if","locations":[{"start":{"line":35,"column":4},"end":{"line":37,"column":5}},{"start":{},"end":{}}],"line":35},"12":{"loc":{"start":{"line":35,"column":8},"end":{"line":35,"column":76}},"type":"binary-expr","locations":[{"start":{"line":35,"column":8},"end":{"line":35,"column":16}},{"start":{"line":35,"column":20},"end":{"line":35,"column":29}},{"start":{"line":35,"column":33},"end":{"line":35,"column":40}},{"start":{"line":35,"column":44},"end":{"line":35,"column":50}},{"start":{"line":35,"column":54},"end":{"line":35,"column":67}},{"start":{"line":35,"column":71},"end":{"line":35,"column":76}}],"line":35}},"s":{"0":7,"1":0,"2":0,"3":0,"4":0,"5":0,"6":0,"7":0,"8":0,"9":0,"10":0,"11":0,"12":0,"13":0,"14":0,"15":0,"16":0,"17":0,"18":0,"19":0,"20":0,"21":0,"22":0,"23":0,"24":0,"25":0,"26":0,"27":0,"28":0,"29":7},"f":{"0":0,"1":0,"2":0},"b":{"0":[0,0],"1":[0,0,0],"2":[0,0],"3":[0,0],"4":[0,0],"5":[0,0],"6":[0,0],"7":[0,0,0],"8":[0,0],"9":[0,0],"10":[0,0],"11":[0,0],"12":[0,0,0,0,0,0]},"_coverageSchema":"1a1c01bbd47fc00a2c39e90264f33305004495a9","hash":"69dacc9b127b54c3fe462b972bdc1357a9f2c706"}
,"/home/alaa/tp_last_ipdate/pedelec-web-app10_last_update/pedelec-web-app9/pedelec-web-app/server/controllers/repairController.js": {"path":"/home/alaa/tp_last_ipdate/pedelec-web-app10_last_update/pedelec-web-app9/pedelec-web-app/server/controllers/repairController.js","statementMap":{"0":{"start":{"line":1,"column":25},"end":{"line":1,"column":58}},"1":{"start":{"line":3,"column":0},"end":{"line":34,"column":2}},"2":{"start":{"line":4,"column":2},"end":{"line":33,"column":3}},"3":{"start":{"line":5,"column":53},"end":{"line":5,"column":61}},"4":{"start":{"line":8,"column":4},"end":{"line":10,"column":5}},"5":{"start":{"line":9,"column":6},"end":{"line":9,"column":78}},"6":{"start":{"line":13,"column":24},"end":{"line":17,"column":6}},"7":{"start":{"line":20,"column":4},"end":{"line":20,"column":29}},"8":{"start":{"line":22,"column":4},"end":{"line":24,"column":69}},"9":{"start":{"line":26,"column":4},"end":{"line":29,"column":6}},"10":{"start":{"line":30,"column":4},"end":{"line":32,"column":68}},"11":{"start":{"line":36,"column":0},"end":{"line":55,"column":2}},"12":{"start":{"line":37,"column":2},"end":{"line":54,"column":3}},"13":{"start":{"line":38,"column":23},"end":{"line":38,"column":31}},"14":{"start":{"line":39,"column":19},"end":{"line":39,"column":29}},"15":{"start":{"line":40,"column":27},"end":{"line":44,"column":5}},"16":{"start":{"line":45,"column":4},"end":{"line":47,"column":5}},"17":{"start":{"line":46,"column":6},"end":{"line":46,"column":71}},"18":{"start":{"line":48,"column":4},"end":{"line":48,"column":41}},"19":{"start":{"line":50,"column":4},"end":{"line":50,"column":70}},"20":{"start":{"line":51,"column":4},"end":{"line":53,"column":68}},"21":{"start":{"line":57,"column":0},"end":{"line":76,"column":2}},"22":{"start":{"line":58,"column":2},"end":{"line":75,"column":3}},"23":{"start":{"line":59,"column":17},"end":{"line":59,"column":46}},"24":{"start":{"line":60,"column":21},"end":{"line":60,"column":22}},"25":{"start":{"line":61,"column":17},"end":{"line":61,"column":38}},"26":{"start":{"line":62,"column":18},"end":{"line":62,"column":57}},"27":{"start":{"line":63,"column":18},"end":{"line":63,"column":45}},"28":{"start":{"line":64,"column":21},"end":{"line":64,"column":77}},"29":{"start":{"line":66,"column":4},"end":{"line":70,"column":7}},"30":{"start":{"line":72,"column":4},"end":{"line":74,"column":68}},"31":{"start":{"line":79,"column":0},"end":{"line":93,"column":2}},"32":{"start":{"line":80,"column":2},"end":{"line":92,"column":3}},"33":{"start":{"line":81,"column":19},"end":{"line":81,"column":29}},"34":{"start":{"line":82,"column":27},"end":{"line":82,"column":71}},"35":{"start":{"line":84,"column":4},"end":{"line":86,"column":5}},"36":{"start":{"line":85,"column":6},"end":{"line":85,"column":73}},"37":{"start":{"line":88,"column":4},"end":{"line":88,"column":79}},"38":{"start":{"line":90,"column":4},"end":{"line":90,"column":78}},"39":{"start":{"line":91,"column":4},"end":{"line":91,"column":71}}},"fnMap":{"0":{"name":"(anonymous_0)","decl":{"start":{"line":3,"column":33},"end":{"line":3,"column":34}},"loc":{"start":{"line":3,"column":53},"end":{"line":34,"column":1}},"line":3},"1":{"name":"(anonymous_1)","decl":{"start":{"line":36,"column":32},"end":{"line":36,"column":33}},"loc":{"start":{"line":36,"column":52},"end":{"line":55,"column":1}},"line":36},"2":{"name":"(anonymous_2)","decl":{"start":{"line":57,"column":34},"end":{"line":57,"column":35}},"loc":{"start":{"line":57,"column":54},"end":{"line":76,"column":1}},"line":57},"3":{"name":"(anonymous_3)","decl":{"start":{"line":79,"column":33},"end":{"line":79,"column":34}},"loc":{"start":{"line":79,"column":53},"end":{"line":93,"column":1}},"line":79}},"branchMap":{"0":{"loc":{"start":{"line":8,"column":4},"end":{"line":10,"column":5}},"type":"if","locations":[{"start":{"line":8,"column":4},"end":{"line":10,"column":5}},{"start":{},"end":{}}],"line":8},"1":{"loc":{"start":{"line":8,"column":8},"end":{"line":8,"column":51}},"type":"binary-expr","locations":[{"start":{"line":8,"column":8},"end":{"line":8,"column":17}},{"start":{"line":8,"column":21},"end":{"line":8,"column":34}},{"start":{"line":8,"column":38},"end":{"line":8,"column":51}}],"line":8},"2":{"loc":{"start":{"line":45,"column":4},"end":{"line":47,"column":5}},"type":"if","locations":[{"start":{"line":45,"column":4},"end":{"line":47,"column":5}},{"start":{},"end":{}}],"line":45},"3":{"loc":{"start":{"line":59,"column":17},"end":{"line":59,"column":46}},"type":"binary-expr","locations":[{"start":{"line":59,"column":17},"end":{"line":59,"column":41}},{"start":{"line":59,"column":45},"end":{"line":59,"column":46}}],"line":59},"4":{"loc":{"start":{"line":84,"column":4},"end":{"line":86,"column":5}},"type":"if","locations":[{"start":{"line":84,"column":4},"end":{"line":86,"column":5}},{"start":{},"end":{}}],"line":84}},"s":{"0":7,"1":7,"2":0,"3":0,"4":0,"5":0,"6":0,"7":0,"8":0,"9":0,"10":0,"11":7,"12":2,"13":2,"14":2,"15":2,"16":2,"17":1,"18":1,"19":0,"20":0,"21":7,"22":2,"23":2,"24":2,"25":2,"26":2,"27":2,"28":2,"29":2,"30":0,"31":7,"32":0,"33":0,"34":0,"35":0,"36":0,"37":0,"38":0,"39":0},"f":{"0":0,"1":2,"2":2,"3":0},"b":{"0":[0,0],"1":[0,0,0],"2":[1,1],"3":[2,0],"4":[0,0]},"_coverageSchema":"1a1c01bbd47fc00a2c39e90264f33305004495a9","hash":"f83a29acf5609ad90eae816d0dcb51872ebcdc5f"}
,"/home/alaa/tp_last_ipdate/pedelec-web-app10_last_update/pedelec-web-app9/pedelec-web-app/server/controllers/searchController.js": {"path":"/home/alaa/tp_last_ipdate/pedelec-web-app10_last_update/pedelec-web-app9/pedelec-web-app/server/controllers/searchController.js","statementMap":{"0":{"start":{"line":2,"column":14},"end":{"line":2,"column":46}},"1":{"start":{"line":4,"column":29},"end":{"line":12,"column":1}},"2":{"start":{"line":5,"column":2},"end":{"line":6,"column":37}},"3":{"start":{"line":6,"column":4},"end":{"line":6,"column":37}},"4":{"start":{"line":7,"column":2},"end":{"line":8,"column":36}},"5":{"start":{"line":8,"column":4},"end":{"line":8,"column":36}},"6":{"start":{"line":9,"column":2},"end":{"line":10,"column":65}},"7":{"start":{"line":10,"column":4},"end":{"line":10,"column":65}},"8":{"start":{"line":11,"column":2},"end":{"line":11,"column":14}},"9":{"start":{"line":14,"column":21},"end":{"line":56,"column":1}},"10":{"start":{"line":15,"column":2},"end":{"line":55,"column":3}},"11":{"start":{"line":16,"column":55},"end":{"line":16,"column":63}},"12":{"start":{"line":18,"column":28},"end":{"line":18,"column":92}},"13":{"start":{"line":19,"column":4},"end":{"line":21,"column":5}},"14":{"start":{"line":20,"column":6},"end":{"line":20,"column":64}},"15":{"start":{"line":23,"column":18},"end":{"line":23,"column":20}},"16":{"start":{"line":25,"column":4},"end":{"line":27,"column":5}},"17":{"start":{"line":26,"column":6},"end":{"line":26,"column":43}},"18":{"start":{"line":28,"column":4},"end":{"line":30,"column":5}},"19":{"start":{"line":29,"column":6},"end":{"line":29,"column":45}},"20":{"start":{"line":31,"column":4},"end":{"line":33,"column":5}},"21":{"start":{"line":32,"column":6},"end":{"line":32,"column":45}},"22":{"start":{"line":34,"column":4},"end":{"line":42,"column":5}},"23":{"start":{"line":35,"column":6},"end":{"line":35,"column":25}},"24":{"start":{"line":36,"column":6},"end":{"line":38,"column":7}},"25":{"start":{"line":37,"column":8},"end":{"line":37,"column":46}},"26":{"start":{"line":39,"column":6},"end":{"line":41,"column":7}},"27":{"start":{"line":40,"column":8},"end":{"line":40,"column":46}},"28":{"start":{"line":44,"column":20},"end":{"line":49,"column":24}},"29":{"start":{"line":51,"column":4},"end":{"line":51,"column":22}},"30":{"start":{"line":53,"column":4},"end":{"line":53,"column":50}},"31":{"start":{"line":54,"column":4},"end":{"line":54,"column":75}},"32":{"start":{"line":58,"column":21},"end":{"line":65,"column":1}},"33":{"start":{"line":59,"column":2},"end":{"line":64,"column":3}},"34":{"start":{"line":60,"column":19},"end":{"line":60,"column":37}},"35":{"start":{"line":61,"column":4},"end":{"line":61,"column":33}},"36":{"start":{"line":63,"column":4},"end":{"line":63,"column":71}},"37":{"start":{"line":67,"column":27},"end":{"line":74,"column":1}},"38":{"start":{"line":68,"column":2},"end":{"line":73,"column":3}},"39":{"start":{"line":69,"column":19},"end":{"line":69,"column":48}},"40":{"start":{"line":70,"column":4},"end":{"line":70,"column":33}},"41":{"start":{"line":72,"column":4},"end":{"line":72,"column":70}},"42":{"start":{"line":75,"column":0},"end":{"line":75,"column":66}}},"fnMap":{"0":{"name":"(anonymous_0)","decl":{"start":{"line":4,"column":29},"end":{"line":4,"column":30}},"loc":{"start":{"line":4,"column":77},"end":{"line":12,"column":1}},"line":4},"1":{"name":"(anonymous_1)","decl":{"start":{"line":14,"column":21},"end":{"line":14,"column":22}},"loc":{"start":{"line":14,"column":41},"end":{"line":56,"column":1}},"line":14},"2":{"name":"(anonymous_2)","decl":{"start":{"line":58,"column":21},"end":{"line":58,"column":22}},"loc":{"start":{"line":58,"column":41},"end":{"line":65,"column":1}},"line":58},"3":{"name":"(anonymous_3)","decl":{"start":{"line":67,"column":27},"end":{"line":67,"column":28}},"loc":{"start":{"line":67,"column":47},"end":{"line":74,"column":1}},"line":67}},"branchMap":{"0":{"loc":{"start":{"line":5,"column":2},"end":{"line":6,"column":37}},"type":"if","locations":[{"start":{"line":5,"column":2},"end":{"line":6,"column":37}},{"start":{},"end":{}}],"line":5},"1":{"loc":{"start":{"line":5,"column":6},"end":{"line":5,"column":33}},"type":"binary-expr","locations":[{"start":{"line":5,"column":6},"end":{"line":5,"column":14}},{"start":{"line":5,"column":18},"end":{"line":5,"column":33}}],"line":5},"2":{"loc":{"start":{"line":7,"column":2},"end":{"line":8,"column":36}},"type":"if","locations":[{"start":{"line":7,"column":2},"end":{"line":8,"column":36}},{"start":{},"end":{}}],"line":7},"3":{"loc":{"start":{"line":7,"column":6},"end":{"line":7,"column":33}},"type":"binary-expr","locations":[{"start":{"line":7,"column":6},"end":{"line":7,"column":14}},{"start":{"line":7,"column":18},"end":{"line":7,"column":33}}],"line":7},"4":{"loc":{"start":{"line":9,"column":2},"end":{"line":10,"column":65}},"type":"if","locations":[{"start":{"line":9,"column":2},"end":{"line":10,"column":65}},{"start":{},"end":{}}],"line":9},"5":{"loc":{"start":{"line":9,"column":6},"end":{"line":9,"column":65}},"type":"binary-expr","locations":[{"start":{"line":9,"column":6},"end":{"line":9,"column":14}},{"start":{"line":9,"column":18},"end":{"line":9,"column":26}},{"start":{"line":9,"column":30},"end":{"line":9,"column":65}}],"line":9},"6":{"loc":{"start":{"line":19,"column":4},"end":{"line":21,"column":5}},"type":"if","locations":[{"start":{"line":19,"column":4},"end":{"line":21,"column":5}},{"start":{},"end":{}}],"line":19},"7":{"loc":{"start":{"line":25,"column":4},"end":{"line":27,"column":5}},"type":"if","locations":[{"start":{"line":25,"column":4},"end":{"line":27,"column":5}},{"start":{},"end":{}}],"line":25},"8":{"loc":{"start":{"line":28,"column":4},"end":{"line":30,"column":5}},"type":"if","locations":[{"start":{"line":28,"column":4},"end":{"line":30,"column":5}},{"start":{},"end":{}}],"line":28},"9":{"loc":{"start":{"line":31,"column":4},"end":{"line":33,"column":5}},"type":"if","locations":[{"start":{"line":31,"column":4},"end":{"line":33,"column":5}},{"start":{},"end":{}}],"line":31},"10":{"loc":{"start":{"line":34,"column":4},"end":{"line":42,"column":5}},"type":"if","locations":[{"start":{"line":34,"column":4},"end":{"line":42,"column":5}},{"start":{},"end":{}}],"line":34},"11":{"loc":{"start":{"line":34,"column":8},"end":{"line":34,"column":28}},"type":"binary-expr","locations":[{"start":{"line":34,"column":8},"end":{"line":34,"column":16}},{"start":{"line":34,"column":20},"end":{"line":34,"column":28}}],"line":34},"12":{"loc":{"start":{"line":36,"column":6},"end":{"line":38,"column":7}},"type":"if","locations":[{"start":{"line":36,"column":6},"end":{"line":38,"column":7}},{"start":{},"end":{}}],"line":36},"13":{"loc":{"start":{"line":39,"column":6},"end":{"line":41,"column":7}},"type":"if","locations":[{"start":{"line":39,"column":6},"end":{"line":41,"column":7}},{"start":{},"end":{}}],"line":39},"14":{"loc":{"start":{"line":45,"column":10},"end":{"line":45,"column":40}},"type":"binary-expr","locations":[{"start":{"line":45,"column":10},"end":{"line":45,"column":14}},{"start":{"line":45,"column":18},"end":{"line":45,"column":40}}],"line":45},"15":{"loc":{"start":{"line":46,"column":10},"end":{"line":46,"column":43}},"type":"binary-expr","locations":[{"start":{"line":46,"column":10},"end":{"line":46,"column":15}},{"start":{"line":46,"column":19},"end":{"line":46,"column":43}}],"line":46},"16":{"loc":{"start":{"line":47,"column":10},"end":{"line":47,"column":43}},"type":"binary-expr","locations":[{"start":{"line":47,"column":10},"end":{"line":47,"column":15}},{"start":{"line":47,"column":19},"end":{"line":47,"column":43}}],"line":47},"17":{"loc":{"start":{"line":48,"column":9},"end":{"line":48,"column":59}},"type":"binary-expr","locations":[{"start":{"line":48,"column":10},"end":{"line":48,"column":18}},{"start":{"line":48,"column":22},"end":{"line":48,"column":30}},{"start":{"line":48,"column":35},"end":{"line":48,"column":59}}],"line":48}},"s":{"0":7,"1":7,"2":11,"3":1,"4":10,"5":1,"6":9,"7":0,"8":9,"9":7,"10":11,"11":11,"12":11,"13":11,"14":2,"15":9,"16":9,"17":1,"18":9,"19":2,"20":9,"21":1,"22":9,"23":4,"24":4,"25":2,"26":4,"27":3,"28":9,"29":9,"30":0,"31":0,"32":7,"33":0,"34":0,"35":0,"36":0,"37":7,"38":0,"39":0,"40":0,"41":0,"42":7},"f":{"0":11,"1":11,"2":0,"3":0},"b":{"0":[1,10],"1":[11,3],"2":[1,9],"3":[10,4],"4":[0,9],"5":[9,2,1],"6":[2,9],"7":[1,8],"8":[2,7],"9":[1,8],"10":[4,5],"11":[9,7],"12":[2,2],"13":[3,1],"14":[9,1],"15":[9,2],"16":[9,1],"17":[9,7,4]},"_coverageSchema":"1a1c01bbd47fc00a2c39e90264f33305004495a9","hash":"33d0c8e8c14f3d55294b1428f8cdc1da821e086a"}
,"/home/alaa/tp_last_ipdate/pedelec-web-app10_last_update/pedelec-web-app9/pedelec-web-app/server/controllers/userController.js": {"path":"/home/alaa/tp_last_ipdate/pedelec-web-app10_last_update/pedelec-web-app9/pedelec-web-app/server/controllers/userController.js","statementMap":{"0":{"start":{"line":1,"column":13},"end":{"line":1,"column":44}},"1":{"start":{"line":4,"column":19},"end":{"line":19,"column":1}},"2":{"start":{"line":5,"column":2},"end":{"line":18,"column":3}},"3":{"start":{"line":6,"column":19},"end":{"line":6,"column":29}},"4":{"start":{"line":7,"column":24},"end":{"line":7,"column":32}},"5":{"start":{"line":9,"column":17},"end":{"line":9,"column":77}},"6":{"start":{"line":11,"column":4},"end":{"line":13,"column":5}},"7":{"start":{"line":12,"column":6},"end":{"line":12,"column":74}},"8":{"start":{"line":15,"column":4},"end":{"line":15,"column":31}},"9":{"start":{"line":17,"column":4},"end":{"line":17,"column":79}},"10":{"start":{"line":22,"column":19},"end":{"line":35,"column":1}},"11":{"start":{"line":23,"column":2},"end":{"line":34,"column":3}},"12":{"start":{"line":24,"column":19},"end":{"line":24,"column":29}},"13":{"start":{"line":25,"column":17},"end":{"line":25,"column":49}},"14":{"start":{"line":27,"column":4},"end":{"line":29,"column":5}},"15":{"start":{"line":28,"column":6},"end":{"line":28,"column":74}},"16":{"start":{"line":31,"column":4},"end":{"line":31,"column":71}},"17":{"start":{"line":33,"column":4},"end":{"line":33,"column":73}},"18":{"start":{"line":37,"column":17},"end":{"line":45,"column":1}},"19":{"start":{"line":38,"column":2},"end":{"line":44,"column":3}},"20":{"start":{"line":39,"column":18},"end":{"line":39,"column":35}},"21":{"start":{"line":40,"column":4},"end":{"line":40,"column":32}},"22":{"start":{"line":43,"column":4},"end":{"line":43,"column":72}},"23":{"start":{"line":47,"column":0},"end":{"line":47,"column":54}}},"fnMap":{"0":{"name":"(anonymous_0)","decl":{"start":{"line":4,"column":19},"end":{"line":4,"column":20}},"loc":{"start":{"line":4,"column":39},"end":{"line":19,"column":1}},"line":4},"1":{"name":"(anonymous_1)","decl":{"start":{"line":22,"column":19},"end":{"line":22,"column":20}},"loc":{"start":{"line":22,"column":39},"end":{"line":35,"column":1}},"line":22},"2":{"name":"(anonymous_2)","decl":{"start":{"line":37,"column":17},"end":{"line":37,"column":18}},"loc":{"start":{"line":37,"column":37},"end":{"line":45,"column":1}},"line":37}},"branchMap":{"0":{"loc":{"start":{"line":11,"column":4},"end":{"line":13,"column":5}},"type":"if","locations":[{"start":{"line":11,"column":4},"end":{"line":13,"column":5}},{"start":{},"end":{}}],"line":11},"1":{"loc":{"start":{"line":27,"column":4},"end":{"line":29,"column":5}},"type":"if","locations":[{"start":{"line":27,"column":4},"end":{"line":29,"column":5}},{"start":{},"end":{}}],"line":27}},"s":{"0":7,"1":7,"2":1,"3":1,"4":1,"5":1,"6":1,"7":0,"8":1,"9":0,"10":7,"11":1,"12":1,"13":1,"14":1,"15":0,"16":1,"17":0,"18":7,"19":1,"20":1,"21":1,"22":0,"23":7},"f":{"0":1,"1":1,"2":1},"b":{"0":[0,1],"1":[0,1]},"_coverageSchema":"1a1c01bbd47fc00a2c39e90264f33305004495a9","hash":"0c50586898df9209b270c4e45ad6d1ca1521f947"}
,"/home/alaa/tp_last_ipdate/pedelec-web-app10_last_update/pedelec-web-app9/pedelec-web-app/server/middleware/authMiddleware.js": {"path":"/home/alaa/tp_last_ipdate/pedelec-web-app10_last_update/pedelec-web-app9/pedelec-web-app/server/middleware/authMiddleware.js","statementMap":{"0":{"start":{"line":1,"column":12},"end":{"line":1,"column":35}},"1":{"start":{"line":2,"column":19},"end":{"line":2,"column":57}},"2":{"start":{"line":5,"column":23},"end":{"line":29,"column":1}},"3":{"start":{"line":7,"column":21},"end":{"line":7,"column":49}},"4":{"start":{"line":10,"column":2},"end":{"line":14,"column":3}},"5":{"start":{"line":11,"column":4},"end":{"line":13,"column":7}},"6":{"start":{"line":17,"column":16},"end":{"line":17,"column":40}},"7":{"start":{"line":20,"column":2},"end":{"line":28,"column":5}},"8":{"start":{"line":21,"column":4},"end":{"line":23,"column":5}},"9":{"start":{"line":22,"column":6},"end":{"line":22,"column":68}},"10":{"start":{"line":26,"column":4},"end":{"line":26,"column":23}},"11":{"start":{"line":27,"column":4},"end":{"line":27,"column":11}},"12":{"start":{"line":32,"column":24},"end":{"line":41,"column":1}},"13":{"start":{"line":34,"column":2},"end":{"line":38,"column":3}},"14":{"start":{"line":35,"column":4},"end":{"line":37,"column":67}},"15":{"start":{"line":40,"column":2},"end":{"line":40,"column":9}},"16":{"start":{"line":43,"column":0},"end":{"line":43,"column":53}}},"fnMap":{"0":{"name":"(anonymous_0)","decl":{"start":{"line":5,"column":23},"end":{"line":5,"column":24}},"loc":{"start":{"line":5,"column":43},"end":{"line":29,"column":1}},"line":5},"1":{"name":"(anonymous_1)","decl":{"start":{"line":20,"column":32},"end":{"line":20,"column":33}},"loc":{"start":{"line":20,"column":52},"end":{"line":28,"column":3}},"line":20},"2":{"name":"(anonymous_2)","decl":{"start":{"line":32,"column":24},"end":{"line":32,"column":25}},"loc":{"start":{"line":32,"column":44},"end":{"line":41,"column":1}},"line":32}},"branchMap":{"0":{"loc":{"start":{"line":2,"column":19},"end":{"line":2,"column":57}},"type":"binary-expr","locations":[{"start":{"line":2,"column":19},"end":{"line":2,"column":41}},{"start":{"line":2,"column":45},"end":{"line":2,"column":57}}],"line":2},"1":{"loc":{"start":{"line":10,"column":2},"end":{"line":14,"column":3}},"type":"if","locations":[{"start":{"line":10,"column":2},"end":{"line":14,"column":3}},{"start":{},"end":{}}],"line":10},"2":{"loc":{"start":{"line":10,"column":6},"end":{"line":10,"column":54}},"type":"binary-expr","locations":[{"start":{"line":10,"column":6},"end":{"line":10,"column":17}},{"start":{"line":10,"column":21},"end":{"line":10,"column":54}}],"line":10},"3":{"loc":{"start":{"line":21,"column":4},"end":{"line":23,"column":5}},"type":"if","locations":[{"start":{"line":21,"column":4},"end":{"line":23,"column":5}},{"start":{},"end":{}}],"line":21},"4":{"loc":{"start":{"line":34,"column":2},"end":{"line":38,"column":3}},"type":"if","locations":[{"start":{"line":34,"column":2},"end":{"line":38,"column":3}},{"start":{},"end":{}}],"line":34},"5":{"loc":{"start":{"line":34,"column":6},"end":{"line":34,"column":44}},"type":"binary-expr","locations":[{"start":{"line":34,"column":6},"end":{"line":34,"column":15}},{"start":{"line":34,"column":19},"end":{"line":34,"column":44}}],"line":34}},"s":{"0":7,"1":7,"2":7,"3":19,"4":19,"5":0,"6":19,"7":19,"8":19,"9":0,"10":19,"11":19,"12":7,"13":8,"14":1,"15":7,"16":7},"f":{"0":19,"1":19,"2":8},"b":{"0":[7,7],"1":[0,19],"2":[19,19],"3":[0,19],"4":[1,7],"5":[8,8]},"_coverageSchema":"1a1c01bbd47fc00a2c39e90264f33305004495a9","hash":"23127c537f6bfbeea9b4cd87632b3d5c9b93d277"}
,"/home/alaa/tp_last_ipdate/pedelec-web-app10_last_update/pedelec-web-app9/pedelec-web-app/server/models/cartSchema.js": {"path":"/home/alaa/tp_last_ipdate/pedelec-web-app10_last_update/pedelec-web-app9/pedelec-web-app/server/models/cartSchema.js","statementMap":{"0":{"start":{"line":1,"column":17},"end":{"line":1,"column":36}},"1":{"start":{"line":3,"column":19},"end":{"line":23,"column":24}},"2":{"start":{"line":25,"column":13},"end":{"line":25,"column":47}},"3":{"start":{"line":27,"column":0},"end":{"line":27,"column":22}}},"fnMap":{},"branchMap":{},"s":{"0":7,"1":7,"2":7,"3":7},"f":{},"b":{},"_coverageSchema":"1a1c01bbd47fc00a2c39e90264f33305004495a9","hash":"601c8c3b386877066779313c725571263c578361"}
,"/home/alaa/tp_last_ipdate/pedelec-web-app10_last_update/pedelec-web-app9/pedelec-web-app/server/models/eBikeSchema.js": {"path":"/home/alaa/tp_last_ipdate/pedelec-web-app10_last_update/pedelec-web-app9/pedelec-web-app/server/models/eBikeSchema.js","statementMap":{"0":{"start":{"line":1,"column":17},"end":{"line":1,"column":36}},"1":{"start":{"line":2,"column":15},"end":{"line":2,"column":32}},"2":{"start":{"line":6,"column":20},"end":{"line":55,"column":20}},"3":{"start":{"line":59,"column":14},"end":{"line":59,"column":50}},"4":{"start":{"line":61,"column":0},"end":{"line":61,"column":23}}},"fnMap":{},"branchMap":{},"s":{"0":7,"1":7,"2":7,"3":7,"4":7},"f":{},"b":{},"_coverageSchema":"1a1c01bbd47fc00a2c39e90264f33305004495a9","hash":"375cd4b7c15f8a4216362459ddca2fd507ddaf9c"}
,"/home/alaa/tp_last_ipdate/pedelec-web-app10_last_update/pedelec-web-app9/pedelec-web-app/server/models/repairSchema.js": {"path":"/home/alaa/tp_last_ipdate/pedelec-web-app10_last_update/pedelec-web-app9/pedelec-web-app/server/models/repairSchema.js","statementMap":{"0":{"start":{"line":1,"column":17},"end":{"line":1,"column":36}},"1":{"start":{"line":2,"column":15},"end":{"line":2,"column":30}},"2":{"start":{"line":4,"column":21},"end":{"line":23,"column":24}},"3":{"start":{"line":25,"column":15},"end":{"line":25,"column":60}},"4":{"start":{"line":27,"column":0},"end":{"line":27,"column":24}}},"fnMap":{},"branchMap":{},"s":{"0":7,"1":7,"2":7,"3":7,"4":7},"f":{},"b":{},"_coverageSchema":"1a1c01bbd47fc00a2c39e90264f33305004495a9","hash":"73c9ad97cbd8dec18c008c1a9d1affc48c3abc07"}
,"/home/alaa/tp_last_ipdate/pedelec-web-app10_last_update/pedelec-web-app9/pedelec-web-app/server/models/userSchema.js": {"path":"/home/alaa/tp_last_ipdate/pedelec-web-app10_last_update/pedelec-web-app9/pedelec-web-app/server/models/userSchema.js","statementMap":{"0":{"start":{"line":2,"column":17},"end":{"line":2,"column":36}},"1":{"start":{"line":4,"column":19},"end":{"line":25,"column":24}},"2":{"start":{"line":27,"column":13},"end":{"line":27,"column":47}},"3":{"start":{"line":29,"column":0},"end":{"line":29,"column":22}}},"fnMap":{},"branchMap":{},"s":{"0":7,"1":7,"2":7,"3":7},"f":{},"b":{},"_coverageSchema":"1a1c01bbd47fc00a2c39e90264f33305004495a9","hash":"3bb3e977f8f8517809af96625c07a6ccbf1de348"}
,"/home/alaa/tp_last_ipdate/pedelec-web-app10_last_update/pedelec-web-app9/pedelec-web-app/server/routes/authRoutes.js": {"path":"/home/alaa/tp_last_ipdate/pedelec-web-app10_last_update/pedelec-web-app9/pedelec-web-app/server/routes/authRoutes.js","statementMap":{"0":{"start":{"line":2,"column":16},"end":{"line":2,"column":34}},"1":{"start":{"line":3,"column":28},"end":{"line":3,"column":68}},"2":{"start":{"line":4,"column":15},"end":{"line":4,"column":31}},"3":{"start":{"line":6,"column":0},"end":{"line":6,"column":35}},"4":{"start":{"line":7,"column":0},"end":{"line":7,"column":29}},"5":{"start":{"line":9,"column":0},"end":{"line":9,"column":24}}},"fnMap":{},"branchMap":{},"s":{"0":7,"1":7,"2":7,"3":7,"4":7,"5":7},"f":{},"b":{},"_coverageSchema":"1a1c01bbd47fc00a2c39e90264f33305004495a9","hash":"8e2b2e88732ff758ee90272f78340fc3a685584e"}
,"/home/alaa/tp_last_ipdate/pedelec-web-app10_last_update/pedelec-web-app9/pedelec-web-app/server/routes/cartRoutes.js": {"path":"/home/alaa/tp_last_ipdate/pedelec-web-app10_last_update/pedelec-web-app9/pedelec-web-app/server/routes/cartRoutes.js","statementMap":{"0":{"start":{"line":1,"column":16},"end":{"line":1,"column":34}},"1":{"start":{"line":8,"column":4},"end":{"line":8,"column":44}},"2":{"start":{"line":9,"column":27},"end":{"line":9,"column":66}},"3":{"start":{"line":11,"column":15},"end":{"line":11,"column":31}},"4":{"start":{"line":13,"column":0},"end":{"line":13,"column":45}},"5":{"start":{"line":14,"column":0},"end":{"line":14,"column":52}},"6":{"start":{"line":15,"column":0},"end":{"line":15,"column":73}},"7":{"start":{"line":16,"column":0},"end":{"line":16,"column":77}},"8":{"start":{"line":17,"column":0},"end":{"line":17,"column":56}},"9":{"start":{"line":19,"column":0},"end":{"line":19,"column":24}}},"fnMap":{},"branchMap":{},"s":{"0":7,"1":7,"2":7,"3":7,"4":7,"5":7,"6":7,"7":7,"8":7,"9":7},"f":{},"b":{},"_coverageSchema":"1a1c01bbd47fc00a2c39e90264f33305004495a9","hash":"084556f6826333366179e64052a0f62ad1637eda"}
,"/home/alaa/tp_last_ipdate/pedelec-web-app10_last_update/pedelec-web-app9/pedelec-web-app/server/routes/eBikeRoutes.js": {"path":"/home/alaa/tp_last_ipdate/pedelec-web-app10_last_update/pedelec-web-app9/pedelec-web-app/server/routes/eBikeRoutes.js","statementMap":{"0":{"start":{"line":2,"column":16},"end":{"line":2,"column":34}},"1":{"start":{"line":3,"column":15},"end":{"line":3,"column":31}},"2":{"start":{"line":8,"column":4},"end":{"line":8,"column":45}},"3":{"start":{"line":9,"column":15},"end":{"line":9,"column":32}},"4":{"start":{"line":13,"column":4},"end":{"line":13,"column":43}},"5":{"start":{"line":15,"column":16},"end":{"line":20,"column":2}},"6":{"start":{"line":18,"column":4},"end":{"line":18,"column":32}},"7":{"start":{"line":21,"column":15},"end":{"line":21,"column":43}},"8":{"start":{"line":24,"column":0},"end":{"line":28,"column":2}},"9":{"start":{"line":30,"column":0},"end":{"line":30,"column":30}},"10":{"start":{"line":32,"column":0},"end":{"line":32,"column":70}},"11":{"start":{"line":34,"column":0},"end":{"line":34,"column":24}}},"fnMap":{"0":{"name":"(anonymous_0)","decl":{"start":{"line":17,"column":12},"end":{"line":17,"column":13}},"loc":{"start":{"line":17,"column":31},"end":{"line":19,"column":3}},"line":17}},"branchMap":{},"s":{"0":7,"1":7,"2":7,"3":7,"4":7,"5":7,"6":0,"7":7,"8":7,"9":7,"10":7,"11":7},"f":{"0":0},"b":{},"_coverageSchema":"1a1c01bbd47fc00a2c39e90264f33305004495a9","hash":"277f72e9504e2e15226f36b52788661b88639813"}
,"/home/alaa/tp_last_ipdate/pedelec-web-app10_last_update/pedelec-web-app9/pedelec-web-app/server/routes/paymentRoutes.js": {"path":"/home/alaa/tp_last_ipdate/pedelec-web-app10_last_update/pedelec-web-app9/pedelec-web-app/server/routes/paymentRoutes.js","statementMap":{"0":{"start":{"line":1,"column":16},"end":{"line":1,"column":34}},"1":{"start":{"line":2,"column":15},"end":{"line":2,"column":31}},"2":{"start":{"line":6,"column":4},"end":{"line":6,"column":47}},"3":{"start":{"line":8,"column":0},"end":{"line":8,"column":55}},"4":{"start":{"line":10,"column":0},"end":{"line":10,"column":56}},"5":{"start":{"line":11,"column":0},"end":{"line":11,"column":24}}},"fnMap":{},"branchMap":{},"s":{"0":7,"1":7,"2":7,"3":7,"4":7,"5":7},"f":{},"b":{},"_coverageSchema":"1a1c01bbd47fc00a2c39e90264f33305004495a9","hash":"cabe4178eb5772d9a81a13f0a3fa96e17157479e"}
,"/home/alaa/tp_last_ipdate/pedelec-web-app10_last_update/pedelec-web-app9/pedelec-web-app/server/routes/repairRoutes.js": {"path":"/home/alaa/tp_last_ipdate/pedelec-web-app10_last_update/pedelec-web-app9/pedelec-web-app/server/routes/repairRoutes.js","statementMap":{"0":{"start":{"line":1,"column":16},"end":{"line":1,"column":34}},"1":{"start":{"line":2,"column":15},"end":{"line":2,"column":31}},"2":{"start":{"line":8,"column":4},"end":{"line":8,"column":46}},"3":{"start":{"line":10,"column":0},"end":{"line":10,"column":58}},"4":{"start":{"line":11,"column":0},"end":{"line":11,"column":58}},"5":{"start":{"line":12,"column":0},"end":{"line":12,"column":60}},"6":{"start":{"line":13,"column":0},"end":{"line":13,"column":64}},"7":{"start":{"line":15,"column":0},"end":{"line":15,"column":24}}},"fnMap":{},"branchMap":{},"s":{"0":7,"1":7,"2":7,"3":7,"4":7,"5":7,"6":7,"7":7},"f":{},"b":{},"_coverageSchema":"1a1c01bbd47fc00a2c39e90264f33305004495a9","hash":"f3c64cfb8158e21b2a3ac35aa79fa5c605fc02ba"}
,"/home/alaa/tp_last_ipdate/pedelec-web-app10_last_update/pedelec-web-app9/pedelec-web-app/server/routes/searchRoutes.js": {"path":"/home/alaa/tp_last_ipdate/pedelec-web-app10_last_update/pedelec-web-app9/pedelec-web-app/server/routes/searchRoutes.js","statementMap":{"0":{"start":{"line":1,"column":16},"end":{"line":1,"column":34}},"1":{"start":{"line":5,"column":4},"end":{"line":5,"column":46}},"2":{"start":{"line":7,"column":15},"end":{"line":7,"column":31}},"3":{"start":{"line":9,"column":0},"end":{"line":9,"column":31}},"4":{"start":{"line":10,"column":0},"end":{"line":10,"column":42}},"5":{"start":{"line":12,"column":0},"end":{"line":12,"column":24}}},"fnMap":{},"branchMap":{},"s":{"0":7,"1":7,"2":7,"3":7,"4":7,"5":7},"f":{},"b":{},"_coverageSchema":"1a1c01bbd47fc00a2c39e90264f33305004495a9","hash":"2711a7ee1f850764da78829d071b974027958cfb"}
,"/home/alaa/tp_last_ipdate/pedelec-web-app10_last_update/pedelec-web-app9/pedelec-web-app/server/routes/userRoutes.js": {"path":"/home/alaa/tp_last_ipdate/pedelec-web-app10_last_update/pedelec-web-app9/pedelec-web-app/server/routes/userRoutes.js","statementMap":{"0":{"start":{"line":3,"column":16},"end":{"line":3,"column":34}},"1":{"start":{"line":8,"column":4},"end":{"line":8,"column":44}},"2":{"start":{"line":12,"column":4},"end":{"line":12,"column":43}},"3":{"start":{"line":14,"column":15},"end":{"line":14,"column":31}},"4":{"start":{"line":16,"column":0},"end":{"line":16,"column":61}},"5":{"start":{"line":17,"column":0},"end":{"line":17,"column":66}},"6":{"start":{"line":18,"column":0},"end":{"line":18,"column":69}},"7":{"start":{"line":20,"column":0},"end":{"line":20,"column":24}}},"fnMap":{},"branchMap":{},"s":{"0":7,"1":7,"2":7,"3":7,"4":7,"5":7,"6":7,"7":7},"f":{},"b":{},"_coverageSchema":"1a1c01bbd47fc00a2c39e90264f33305004495a9","hash":"1bbf0b25dfe562496fc8ec82e1bea1ca8336f7aa"}
}
