TN:
SF:server.js
FN:47,(anonymous_0)
FNF:1
FNH:0
FNDA:0,(anonymous_0)
DA:2,7
DA:3,7
DA:4,7
DA:5,7
DA:6,7
DA:10,7
DA:11,7
DA:13,7
DA:14,7
DA:15,7
DA:16,7
DA:17,7
DA:18,7
DA:19,7
DA:20,7
DA:22,7
DA:24,7
DA:25,7
DA:28,7
DA:29,7
DA:30,7
DA:31,7
DA:34,7
DA:35,7
DA:36,7
DA:37,7
DA:38,7
DA:39,7
DA:40,7
DA:43,7
DA:44,0
DA:45,0
DA:47,0
DA:48,0
DA:52,7
LF:35
LH:31
BRDA:25,0,0,7
BRDA:25,0,1,0
BRDA:43,1,0,0
BRDA:43,1,1,7
BRF:4
BRH:2
end_of_record
TN:
SF:config/db.js
FN:5,(anonymous_0)
FNF:1
FNH:1
FNDA:2,(anonymous_0)
DA:1,8
DA:2,8
DA:4,8
DA:5,8
DA:6,2
DA:7,2
DA:11,1
DA:13,1
DA:14,1
DA:18,8
LF:10
LH:10
BRDA:8,0,0,2
BRDA:8,0,1,0
BRF:2
BRH:1
end_of_record
TN:
SF:controllers/authController.js
FN:8,(anonymous_0)
FN:51,(anonymous_1)
FN:92,createAdmin
FNF:3
FNH:2
FNDA:7,(anonymous_0)
FNDA:4,(anonymous_1)
FNDA:0,createAdmin
DA:3,7
DA:4,7
DA:5,7
DA:7,7
DA:8,7
DA:10,7
DA:13,7
DA:14,3
DA:18,4
DA:19,1
DA:23,3
DA:24,1
DA:30,2
DA:31,2
DA:32,1
DA:36,1
DA:37,1
DA:43,1
DA:45,1
DA:51,7
DA:53,4
DA:56,4
DA:57,1
DA:61,3
DA:62,3
DA:63,1
DA:67,2
DA:68,2
DA:69,1
DA:75,1
DA:80,1
DA:93,0
DA:94,0
DA:95,0
DA:97,0
DA:99,0
DA:101,0
DA:102,0
DA:105,0
DA:108,0
DA:116,0
DA:119,0
DA:123,7
LF:43
LH:32
BRDA:7,0,0,7
BRDA:7,0,1,7
BRDA:13,1,0,3
BRDA:13,1,1,4
BRDA:13,2,0,7
BRDA:13,2,1,6
BRDA:13,2,2,5
BRDA:18,3,0,1
BRDA:18,3,1,3
BRDA:18,4,0,4
BRDA:18,4,1,3
BRDA:23,5,0,1
BRDA:23,5,1,2
BRDA:31,6,0,1
BRDA:31,6,1,1
BRDA:56,7,0,1
BRDA:56,7,1,3
BRDA:56,8,0,4
BRDA:56,8,1,4
BRDA:62,9,0,1
BRDA:62,9,1,2
BRDA:68,10,0,1
BRDA:68,10,1,1
BRDA:101,11,0,0
BRDA:101,11,1,0
BRF:25
BRH:23
end_of_record
TN:
SF:controllers/cartController.js
FN:3,(anonymous_0)
FN:15,(anonymous_1)
FN:28,(anonymous_2)
FN:47,(anonymous_3)
FN:55,(anonymous_4)
FN:63,(anonymous_5)
FN:71,(anonymous_6)
FN:91,(anonymous_7)
FNF:8
FNH:7
FNDA:1,(anonymous_0)
FNDA:7,(anonymous_1)
FNDA:1,(anonymous_2)
FNDA:1,(anonymous_3)
FNDA:1,(anonymous_4)
FNDA:2,(anonymous_5)
FNDA:2,(anonymous_6)
FNDA:0,(anonymous_7)
DA:1,7
DA:3,7
DA:4,1
DA:5,1
DA:6,1
DA:7,0
DA:9,1
DA:11,0
DA:15,7
DA:16,7
DA:18,7
DA:19,7
DA:20,0
DA:23,7
DA:24,7
DA:25,6
DA:28,7
DA:30,7
DA:31,7
DA:33,7
DA:34,1
DA:35,1
DA:37,6
DA:38,6
DA:39,6
DA:40,6
DA:43,0
DA:44,0
DA:47,7
DA:48,1
DA:49,1
DA:50,1
DA:51,1
DA:52,0
DA:55,1
DA:56,1
DA:57,1
DA:59,0
DA:63,7
DA:64,2
DA:65,2
DA:66,2
DA:67,2
DA:68,0
DA:71,2
DA:72,2
DA:73,2
DA:74,1
DA:75,1
DA:76,1
DA:77,1
DA:78,1
DA:81,2
DA:82,2
DA:84,0
DA:87,0
DA:91,7
DA:92,0
DA:93,0
DA:94,0
DA:95,0
DA:98,0
DA:99,0
DA:100,0
DA:102,0
DA:106,7
LF:66
LH:48
BRDA:6,0,0,0
BRDA:6,0,1,1
BRDA:19,1,0,0
BRDA:19,1,1,7
BRDA:19,2,0,7
BRDA:19,2,1,7
BRDA:19,2,2,7
BRDA:24,3,0,6
BRDA:24,3,1,1
BRDA:33,4,0,1
BRDA:33,4,1,6
BRDA:51,5,0,0
BRDA:51,5,1,1
BRDA:67,6,0,0
BRDA:67,6,1,2
BRDA:72,7,0,2
BRDA:72,7,1,0
BRDA:73,8,0,1
BRDA:73,8,1,1
BRDA:75,9,0,1
BRDA:75,9,1,0
BRDA:77,10,0,1
BRDA:77,10,1,0
BRDA:94,11,0,0
BRDA:94,11,1,0
BRF:25
BRH:16
end_of_record
TN:
SF:controllers/eBikeController.js
FN:5,(anonymous_0)
FN:16,(anonymous_1)
FN:28,(anonymous_2)
FN:58,(anonymous_3)
FNF:4
FNH:4
FNDA:6,(anonymous_0)
FNDA:1,(anonymous_1)
FNDA:1,(anonymous_2)
FNDA:3,(anonymous_3)
DA:2,7
DA:5,7
DA:6,6
DA:7,5
DA:8,4
DA:9,3
DA:10,2
DA:12,1
DA:16,7
DA:19,1
DA:20,1
DA:28,7
DA:29,1
DA:30,1
DA:39,1
DA:40,1
DA:41,0
DA:45,1
DA:46,1
DA:50,1
DA:53,0
DA:58,7
DA:59,3
DA:61,3
DA:63,2
DA:64,1
DA:67,1
DA:69,1
DA:73,7
LF:29
LH:27
BRDA:6,0,0,1
BRDA:6,0,1,5
BRDA:7,1,0,1
BRDA:7,1,1,4
BRDA:8,2,0,1
BRDA:8,2,1,3
BRDA:9,3,0,1
BRDA:9,3,1,2
BRDA:9,4,0,3
BRDA:9,4,1,3
BRDA:9,4,2,3
BRDA:10,5,0,1
BRDA:10,5,1,1
BRDA:10,6,0,2
BRDA:10,6,1,2
BRDA:10,6,2,2
BRDA:40,7,0,0
BRDA:40,7,1,1
BRDA:63,8,0,1
BRDA:63,8,1,1
BRF:20
BRH:19
end_of_record
TN:
SF:controllers/paymentController.js
FN:4,validatePaymentFields
FN:42,createPayPalOrder
FN:97,payWithCreditCard
FNF:3
FNH:0
FNDA:0,validatePaymentFields
FNDA:0,createPayPalOrder
FNDA:0,payWithCreditCard
DA:1,7
DA:12,0
DA:13,0
DA:16,0
DA:17,0
DA:20,0
DA:21,0
DA:24,0
DA:25,0
DA:28,0
DA:29,0
DA:32,0
DA:34,0
DA:35,0
DA:36,0
DA:43,0
DA:45,0
DA:47,0
DA:50,0
DA:63,0
DA:66,0
DA:87,0
DA:88,0
DA:90,0
DA:105,0
DA:107,0
DA:109,0
DA:118,0
DA:123,0
DA:129,7
LF:30
LH:2
BRDA:12,0,0,0
BRDA:12,0,1,0
BRDA:12,1,0,0
BRDA:12,1,1,0
BRDA:12,1,2,0
BRDA:16,2,0,0
BRDA:16,2,1,0
BRDA:16,3,0,0
BRDA:16,3,1,0
BRDA:20,4,0,0
BRDA:20,4,1,0
BRDA:20,5,0,0
BRDA:20,5,1,0
BRDA:24,6,0,0
BRDA:24,6,1,0
BRDA:24,7,0,0
BRDA:24,7,1,0
BRDA:24,7,2,0
BRDA:28,8,0,0
BRDA:28,8,1,0
BRDA:28,9,0,0
BRDA:28,9,1,0
BRDA:32,10,0,0
BRDA:32,10,1,0
BRDA:35,11,0,0
BRDA:35,11,1,0
BRDA:35,12,0,0
BRDA:35,12,1,0
BRDA:35,12,2,0
BRDA:35,12,3,0
BRDA:35,12,4,0
BRDA:35,12,5,0
BRF:32
BRH:0
end_of_record
TN:
SF:controllers/repairController.js
FN:3,(anonymous_0)
FN:36,(anonymous_1)
FN:57,(anonymous_2)
FN:79,(anonymous_3)
FNF:4
FNH:2
FNDA:0,(anonymous_0)
FNDA:2,(anonymous_1)
FNDA:2,(anonymous_2)
FNDA:0,(anonymous_3)
DA:1,7
DA:3,7
DA:4,0
DA:5,0
DA:8,0
DA:9,0
DA:13,0
DA:20,0
DA:22,0
DA:26,0
DA:30,0
DA:36,7
DA:37,2
DA:38,2
DA:39,2
DA:40,2
DA:45,2
DA:46,1
DA:48,1
DA:50,0
DA:51,0
DA:57,7
DA:58,2
DA:59,2
DA:60,2
DA:61,2
DA:62,2
DA:63,2
DA:64,2
DA:66,2
DA:72,0
DA:79,7
DA:80,0
DA:81,0
DA:82,0
DA:84,0
DA:85,0
DA:88,0
DA:90,0
DA:91,0
LF:40
LH:20
BRDA:8,0,0,0
BRDA:8,0,1,0
BRDA:8,1,0,0
BRDA:8,1,1,0
BRDA:8,1,2,0
BRDA:45,2,0,1
BRDA:45,2,1,1
BRDA:59,3,0,2
BRDA:59,3,1,0
BRDA:84,4,0,0
BRDA:84,4,1,0
BRF:11
BRH:3
end_of_record
TN:
SF:controllers/searchController.js
FN:4,(anonymous_0)
FN:14,(anonymous_1)
FN:58,(anonymous_2)
FN:67,(anonymous_3)
FNF:4
FNH:2
FNDA:11,(anonymous_0)
FNDA:11,(anonymous_1)
FNDA:0,(anonymous_2)
FNDA:0,(anonymous_3)
DA:2,7
DA:4,7
DA:5,11
DA:6,1
DA:7,10
DA:8,1
DA:9,9
DA:10,0
DA:11,9
DA:14,7
DA:15,11
DA:16,11
DA:18,11
DA:19,11
DA:20,2
DA:23,9
DA:25,9
DA:26,1
DA:28,9
DA:29,2
DA:31,9
DA:32,1
DA:34,9
DA:35,4
DA:36,4
DA:37,2
DA:39,4
DA:40,3
DA:44,9
DA:51,9
DA:53,0
DA:54,0
DA:58,7
DA:59,0
DA:60,0
DA:61,0
DA:63,0
DA:67,7
DA:68,0
DA:69,0
DA:70,0
DA:72,0
DA:75,7
LF:43
LH:32
BRDA:5,0,0,1
BRDA:5,0,1,10
BRDA:5,1,0,11
BRDA:5,1,1,3
BRDA:7,2,0,1
BRDA:7,2,1,9
BRDA:7,3,0,10
BRDA:7,3,1,4
BRDA:9,4,0,0
BRDA:9,4,1,9
BRDA:9,5,0,9
BRDA:9,5,1,2
BRDA:9,5,2,1
BRDA:19,6,0,2
BRDA:19,6,1,9
BRDA:25,7,0,1
BRDA:25,7,1,8
BRDA:28,8,0,2
BRDA:28,8,1,7
BRDA:31,9,0,1
BRDA:31,9,1,8
BRDA:34,10,0,4
BRDA:34,10,1,5
BRDA:34,11,0,9
BRDA:34,11,1,7
BRDA:36,12,0,2
BRDA:36,12,1,2
BRDA:39,13,0,3
BRDA:39,13,1,1
BRDA:45,14,0,9
BRDA:45,14,1,1
BRDA:46,15,0,9
BRDA:46,15,1,2
BRDA:47,16,0,9
BRDA:47,16,1,1
BRDA:48,17,0,9
BRDA:48,17,1,7
BRDA:48,17,2,4
BRF:38
BRH:37
end_of_record
TN:
SF:controllers/userController.js
FN:4,(anonymous_0)
FN:22,(anonymous_1)
FN:37,(anonymous_2)
FNF:3
FNH:3
FNDA:1,(anonymous_0)
FNDA:1,(anonymous_1)
FNDA:1,(anonymous_2)
DA:1,7
DA:4,7
DA:5,1
DA:6,1
DA:7,1
DA:9,1
DA:11,1
DA:12,0
DA:15,1
DA:17,0
DA:22,7
DA:23,1
DA:24,1
DA:25,1
DA:27,1
DA:28,0
DA:31,1
DA:33,0
DA:37,7
DA:38,1
DA:39,1
DA:40,1
DA:43,0
DA:47,7
LF:24
LH:19
BRDA:11,0,0,0
BRDA:11,0,1,1
BRDA:27,1,0,0
BRDA:27,1,1,1
BRF:4
BRH:2
end_of_record
TN:
SF:middleware/authMiddleware.js
FN:5,(anonymous_0)
FN:20,(anonymous_1)
FN:32,(anonymous_2)
FNF:3
FNH:3
FNDA:19,(anonymous_0)
FNDA:19,(anonymous_1)
FNDA:8,(anonymous_2)
DA:1,7
DA:2,7
DA:5,7
DA:7,19
DA:10,19
DA:11,0
DA:17,19
DA:20,19
DA:21,19
DA:22,0
DA:26,19
DA:27,19
DA:32,7
DA:34,8
DA:35,1
DA:40,7
DA:43,7
LF:17
LH:15
BRDA:2,0,0,7
BRDA:2,0,1,7
BRDA:10,1,0,0
BRDA:10,1,1,19
BRDA:10,2,0,19
BRDA:10,2,1,19
BRDA:21,3,0,0
BRDA:21,3,1,19
BRDA:34,4,0,1
BRDA:34,4,1,7
BRDA:34,5,0,8
BRDA:34,5,1,8
BRF:12
BRH:10
end_of_record
TN:
SF:models/cartSchema.js
FNF:0
FNH:0
DA:1,7
DA:3,7
DA:25,7
DA:27,7
LF:4
LH:4
BRF:0
BRH:0
end_of_record
TN:
SF:models/eBikeSchema.js
FNF:0
FNH:0
DA:1,7
DA:2,7
DA:6,7
DA:59,7
DA:61,7
LF:5
LH:5
BRF:0
BRH:0
end_of_record
TN:
SF:models/repairSchema.js
FNF:0
FNH:0
DA:1,7
DA:2,7
DA:4,7
DA:25,7
DA:27,7
LF:5
LH:5
BRF:0
BRH:0
end_of_record
TN:
SF:models/userSchema.js
FNF:0
FNH:0
DA:2,7
DA:4,7
DA:27,7
DA:29,7
LF:4
LH:4
BRF:0
BRH:0
end_of_record
TN:
SF:routes/authRoutes.js
FNF:0
FNH:0
DA:2,7
DA:3,7
DA:4,7
DA:6,7
DA:7,7
DA:9,7
LF:6
LH:6
BRF:0
BRH:0
end_of_record
TN:
SF:routes/cartRoutes.js
FNF:0
FNH:0
DA:1,7
DA:8,7
DA:9,7
DA:11,7
DA:13,7
DA:14,7
DA:15,7
DA:16,7
DA:17,7
DA:19,7
LF:10
LH:10
BRF:0
BRH:0
end_of_record
TN:
SF:routes/eBikeRoutes.js
FN:17,(anonymous_0)
FNF:1
FNH:0
FNDA:0,(anonymous_0)
DA:2,7
DA:3,7
DA:8,7
DA:9,7
DA:13,7
DA:15,7
DA:18,0
DA:21,7
DA:24,7
DA:30,7
DA:32,7
DA:34,7
LF:12
LH:11
BRF:0
BRH:0
end_of_record
TN:
SF:routes/paymentRoutes.js
FNF:0
FNH:0
DA:1,7
DA:2,7
DA:6,7
DA:8,7
DA:10,7
DA:11,7
LF:6
LH:6
BRF:0
BRH:0
end_of_record
TN:
SF:routes/repairRoutes.js
FNF:0
FNH:0
DA:1,7
DA:2,7
DA:8,7
DA:10,7
DA:11,7
DA:12,7
DA:13,7
DA:15,7
LF:8
LH:8
BRF:0
BRH:0
end_of_record
TN:
SF:routes/searchRoutes.js
FNF:0
FNH:0
DA:1,7
DA:5,7
DA:7,7
DA:9,7
DA:10,7
DA:12,7
LF:6
LH:6
BRF:0
BRH:0
end_of_record
TN:
SF:routes/userRoutes.js
FNF:0
FNH:0
DA:3,7
DA:8,7
DA:12,7
DA:14,7
DA:16,7
DA:17,7
DA:18,7
DA:20,7
LF:8
LH:8
BRF:0
BRH:0
end_of_record
